<?xml version="1.0" encoding="UTF-8"?>
<robot generator="Robot 6.1 (Python 3.11.1 on win32)" generated="20231025 11:58:12.359" rpa="false" schemaversion="4">
<suite id="s1" name="Acc Creation PL" source="C:\Users\mepandur\Desktop\D\BMW CIM\automation\ESOCRM_POC_ACC\ESOCRM_POC_ACC\testdefinition\PL\Acc_Creation_PL.robot">
<kw name="Get test case data" library="DataManager" type="SETUP">
<arg>${TD_ADR.PL}</arg>
<doc>Retrieving test and user data</doc>
<kw name="Run Keyword If" library="BuiltIn">
<arg>'${TestDataPath}' != ''</arg>
<arg>Get test data</arg>
<arg>${TestDataPath}</arg>
<doc>Runs the given keyword with the given arguments, if ``condition`` is true.</doc>
<kw name="Get test data" library="DataManager">
<arg>${TestDataPath}</arg>
<doc>Retrieving the test case data</doc>
<kw name="Get CONFIG Test data" library="DataManager">
<var>&amp;{TESTDATA}</var>
<arg>${TestDataPath}</arg>
<kw name="Get Cfg Data" library="config">
<var>${CONFIGData}</var>
<arg>${FilePathCONFIG}</arg>
<msg timestamp="20231025 11:58:12.823" level="INFO">${CONFIGData} = {'PL_SET_1': {'country': 'PL', 'street_given': 'South Mall', 'street_index': 'South Mall', 'city_given': 'Cork'}, 'PL_SET_2': {'country': 'PL', 'street_given': 'Lawrence Grove', 'street_index': 'Lawre...</msg>
<status status="PASS" starttime="20231025 11:58:12.822" endtime="20231025 11:58:12.823"/>
</kw>
<msg timestamp="20231025 11:58:12.823" level="INFO">&amp;{TESTDATA} = { PL_SET_1={'country': 'PL', 'street_given': 'South Mall', 'street_index': 'South Mall', 'city_given': 'Cork'} | PL_SET_2={'country': 'PL', 'street_given': 'Lawrence Grove', 'street_index': 'Lawrence ...</msg>
<status status="PASS" starttime="20231025 11:58:12.821" endtime="20231025 11:58:12.823"/>
</kw>
<kw name="Set Suite Variable" library="BuiltIn">
<arg>&amp;{TESTDATA}</arg>
<doc>Makes a variable available everywhere within the scope of the current suite.</doc>
<msg timestamp="20231025 11:58:12.823" level="INFO">&amp;{TESTDATA} = { PL_SET_1={'country': 'PL', 'street_given': 'South Mall', 'street_index': 'South Mall', 'city_given': 'Cork'} | PL_SET_2={'country': 'PL', 'street_given': 'Lawrence Grove', 'street_index': 'Lawrence ...</msg>
<status status="PASS" starttime="20231025 11:58:12.823" endtime="20231025 11:58:12.823"/>
</kw>
<status status="PASS" starttime="20231025 11:58:12.821" endtime="20231025 11:58:12.823"/>
</kw>
<status status="PASS" starttime="20231025 11:58:12.821" endtime="20231025 11:58:12.823"/>
</kw>
<status status="PASS" starttime="20231025 11:58:12.821" endtime="20231025 11:58:12.823"/>
</kw>
<test id="s1-t1" name="create accounts in SF" line="21">
<kw name="Open Chrome Browser" library="Common_WEB" type="SETUP">
<kw name="Open Browser" library="SeleniumLibrary">
<arg>about:blank</arg>
<arg>chrome</arg>
<doc>Opens a new browser instance to the optional ``url``.</doc>
<msg timestamp="20231025 11:58:12.826" level="INFO">Opening browser 'chrome' to base url 'about:blank'.</msg>
<status status="PASS" starttime="20231025 11:58:12.826" endtime="20231025 11:58:15.190"/>
</kw>
<kw name="Maximize Browser Window" library="SeleniumLibrary">
<doc>Maximizes current browser window.</doc>
<status status="PASS" starttime="20231025 11:58:15.190" endtime="20231025 11:58:15.320"/>
</kw>
<kw name="Set Selenium Speed" library="SeleniumLibrary">
<arg>${DELAY}</arg>
<doc>Sets the delay that is waited after each Selenium command.</doc>
<status status="PASS" starttime="20231025 11:58:15.320" endtime="20231025 11:58:15.320"/>
</kw>
<status status="PASS" starttime="20231025 11:58:12.825" endtime="20231025 11:58:15.320"/>
</kw>
<kw name="Login into salesforce" library="Common_WEB">
<arg>${ADR_1}</arg>
<kw name="Get address data" library="DataManager">
<arg>${TD_ADR.PL}</arg>
<doc>Retrieving the compare values</doc>
<kw name="Get CONFIG Test data" library="DataManager">
<var>&amp;{ADRDATA}</var>
<arg>${TestDataPath}</arg>
<kw name="Get Cfg Data" library="config">
<var>${CONFIGData}</var>
<arg>${FilePathCONFIG}</arg>
<msg timestamp="20231025 11:58:15.322" level="INFO">${CONFIGData} = {'PL_SET_1': {'country': 'PL', 'street_given': 'South Mall', 'street_index': 'South Mall', 'city_given': 'Cork'}, 'PL_SET_2': {'country': 'PL', 'street_given': 'Lawrence Grove', 'street_index': 'Lawre...</msg>
<status status="PASS" starttime="20231025 11:58:15.322" endtime="20231025 11:58:15.322"/>
</kw>
<msg timestamp="20231025 11:58:15.324" level="INFO">&amp;{ADRDATA} = { PL_SET_1={'country': 'PL', 'street_given': 'South Mall', 'street_index': 'South Mall', 'city_given': 'Cork'} | PL_SET_2={'country': 'PL', 'street_given': 'Lawrence Grove', 'street_index': 'Lawrence ...</msg>
<status status="PASS" starttime="20231025 11:58:15.322" endtime="20231025 11:58:15.324"/>
</kw>
<kw name="Set Suite Variable" library="BuiltIn">
<arg>&amp;{ADRDATA}</arg>
<doc>Makes a variable available everywhere within the scope of the current suite.</doc>
<msg timestamp="20231025 11:58:15.324" level="INFO">&amp;{ADRDATA} = { PL_SET_1={'country': 'PL', 'street_given': 'South Mall', 'street_index': 'South Mall', 'city_given': 'Cork'} | PL_SET_2={'country': 'PL', 'street_given': 'Lawrence Grove', 'street_index': 'Lawrence ...</msg>
<status status="PASS" starttime="20231025 11:58:15.324" endtime="20231025 11:58:15.324"/>
</kw>
<status status="PASS" starttime="20231025 11:58:15.321" endtime="20231025 11:58:15.324"/>
</kw>
<kw name="Get From Dictionary" library="Collections">
<var>${country}</var>
<arg>${ADRDATA.${cnt}}</arg>
<arg>country</arg>
<doc>Returns a value from the given ``dictionary`` based on the given ``key``.</doc>
<msg timestamp="20231025 11:58:15.325" level="INFO">${country} = PL</msg>
<status status="PASS" starttime="20231025 11:58:15.324" endtime="20231025 11:58:15.325"/>
</kw>
<kw name="Go To" library="SeleniumLibrary">
<arg>${Base_Url.ESOSF_${country}}</arg>
<doc>Navigates the current browser window to the provided ``url``.</doc>
<msg timestamp="20231025 11:58:15.327" level="INFO">Opening url 'https://rsp-dev-xx--esointpl.sandbox.my.salesforce.com'</msg>
<status status="PASS" starttime="20231025 11:58:15.325" endtime="20231025 11:58:18.205"/>
</kw>
<kw name="Wait Until Element Is Visible" library="SeleniumLibrary">
<arg>xpath=${ESO_LOC.USER}</arg>
<arg>10s</arg>
<doc>Waits until the element ``locator`` is visible.</doc>
<status status="PASS" starttime="20231025 11:58:18.205" endtime="20231025 11:58:18.236"/>
</kw>
<kw name="Get WebElement" library="SeleniumLibrary">
<var>${Input_Locator}</var>
<arg>xpath=${ESO_LOC.USER}</arg>
<doc>Returns the first WebElement matching the given ``locator``.</doc>
<msg timestamp="20231025 11:58:18.248" level="INFO">${Input_Locator} = &lt;selenium.webdriver.remote.webelement.WebElement (session="e810c38ec4a1e199c4f5bf0a00053547", element="A0F484B8686B90F03C41C23F4C9841DF_element_8")&gt;</msg>
<status status="PASS" starttime="20231025 11:58:18.236" endtime="20231025 11:58:18.248"/>
</kw>
<kw name="Input Text" library="SeleniumLibrary">
<arg>${Input_Locator}</arg>
<arg>${Username.ESOSF_${country}}</arg>
<doc>Types the given ``text`` into the text field identified by ``locator``.</doc>
<msg timestamp="20231025 11:58:18.249" level="INFO">Typing text 'pl.happybdcagent@bmw.eso.dev.xx.esointpl' into text field '&lt;selenium.webdriver.remote.webelement.WebElement (session="e810c38ec4a1e199c4f5bf0a00053547", element="A0F484B8686B90F03C41C23F4C9841DF_element_8")&gt;'.</msg>
<status status="PASS" starttime="20231025 11:58:18.249" endtime="20231025 11:58:18.354"/>
</kw>
<kw name="Get WebElement" library="SeleniumLibrary">
<var>${passw_Locator}</var>
<arg>xpath=${ESO_LOC.PASSWORD}</arg>
<doc>Returns the first WebElement matching the given ``locator``.</doc>
<msg timestamp="20231025 11:58:18.368" level="INFO">${passw_Locator} = &lt;selenium.webdriver.remote.webelement.WebElement (session="e810c38ec4a1e199c4f5bf0a00053547", element="A0F484B8686B90F03C41C23F4C9841DF_element_15")&gt;</msg>
<status status="PASS" starttime="20231025 11:58:18.354" endtime="20231025 11:58:18.368"/>
</kw>
<kw name="Input Text" library="SeleniumLibrary">
<arg>${passw_Locator}</arg>
<arg>${Crediantials.ESOSF_${country}}</arg>
<doc>Types the given ``text`` into the text field identified by ``locator``.</doc>
<msg timestamp="20231025 11:58:18.369" level="INFO">Typing text 'HappyPL01Agent2023' into text field '&lt;selenium.webdriver.remote.webelement.WebElement (session="e810c38ec4a1e199c4f5bf0a00053547", element="A0F484B8686B90F03C41C23F4C9841DF_element_15")&gt;'.</msg>
<status status="PASS" starttime="20231025 11:58:18.368" endtime="20231025 11:58:18.480"/>
</kw>
<kw name="Click Button" library="SeleniumLibrary">
<arg>xpath=${ESO_LOC.LOGIN}</arg>
<doc>Clicks the button identified by ``locator``.</doc>
<msg timestamp="20231025 11:58:18.481" level="INFO">Clicking button 'xpath=//input[@id="Login"]'.</msg>
<status status="PASS" starttime="20231025 11:58:18.480" endtime="20231025 11:58:28.630"/>
</kw>
<kw name="Capture Page Screenshot" library="SeleniumLibrary">
<arg>screenshot.png</arg>
<doc>Takes a screenshot of the current page and embeds it into a log file.</doc>
<msg timestamp="20231025 11:58:29.001" level="INFO" html="true">&lt;/td&gt;&lt;/tr&gt;&lt;tr&gt;&lt;td colspan="3"&gt;&lt;a href="screenshot.png"&gt;&lt;img src="screenshot.png" width="800px"&gt;&lt;/a&gt;</msg>
<status status="PASS" starttime="20231025 11:58:28.630" endtime="20231025 11:58:29.002"/>
</kw>
<status status="PASS" starttime="20231025 11:58:15.321" endtime="20231025 11:58:29.002"/>
</kw>
<kw name="Sleep" library="BuiltIn">
<arg>5s</arg>
<doc>Pauses the test executed for the given time.</doc>
<msg timestamp="20231025 11:58:34.002" level="INFO">Slept 5 seconds</msg>
<status status="PASS" starttime="20231025 11:58:29.002" endtime="20231025 11:58:34.002"/>
</kw>
<kw name="Create a new account in SF" library="Salesforce_WEB_account">
<arg>${ADR_1}</arg>
<arg>${TD_NAMES.FIRST}</arg>
<arg>${TD_NAMES.LAST}</arg>
<for flavor="IN RANGE">
<var>${index}</var>
<value>1</value>
<value>3</value>
<iter>
<var name="${index}">1</var>
<kw name="Navigate to recent account page" library="Salesforce_WEB_account">
<arg>${address_data}</arg>
<kw name="Get From Dictionary" library="Collections">
<var>${country}</var>
<arg>${ADRDATA.${address_data}}</arg>
<arg>country</arg>
<doc>Returns a value from the given ``dictionary`` based on the given ``key``.</doc>
<msg timestamp="20231025 11:58:34.007" level="INFO">${country} = PL</msg>
<status status="PASS" starttime="20231025 11:58:34.006" endtime="20231025 11:58:34.007"/>
</kw>
<kw name="Set Variable" library="BuiltIn">
<var>${home_url}</var>
<arg>${Base_Url.ESOSF_${country}}</arg>
<doc>Returns the given values which can then be assigned to a variables.</doc>
<msg timestamp="20231025 11:58:34.009" level="INFO">${home_url} = https://rsp-dev-xx--esointpl.sandbox.my.salesforce.com</msg>
<status status="PASS" starttime="20231025 11:58:34.008" endtime="20231025 11:58:34.009"/>
</kw>
<kw name="Set Variable" library="BuiltIn">
<var>${pre_srt}</var>
<arg>${Acccr_Url.ESOAC_${country}}</arg>
<doc>Returns the given values which can then be assigned to a variables.</doc>
<msg timestamp="20231025 11:58:34.010" level="INFO">${pre_srt} = lightning/o/Account/list?filterName=Recent</msg>
<status status="PASS" starttime="20231025 11:58:34.009" endtime="20231025 11:58:34.010"/>
</kw>
<kw name="Set Variable" library="BuiltIn">
<var>${new_url}</var>
<arg>${home_url}/${pre_srt}</arg>
<doc>Returns the given values which can then be assigned to a variables.</doc>
<msg timestamp="20231025 11:58:34.011" level="INFO">${new_url} = https://rsp-dev-xx--esointpl.sandbox.my.salesforce.com/lightning/o/Account/list?filterName=Recent</msg>
<status status="PASS" starttime="20231025 11:58:34.011" endtime="20231025 11:58:34.011"/>
</kw>
<kw name="Log" library="BuiltIn">
<arg>${new_url}</arg>
<doc>Logs the given message with the given level.</doc>
<msg timestamp="20231025 11:58:34.011" level="INFO">https://rsp-dev-xx--esointpl.sandbox.my.salesforce.com/lightning/o/Account/list?filterName=Recent</msg>
<status status="PASS" starttime="20231025 11:58:34.011" endtime="20231025 11:58:34.011"/>
</kw>
<kw name="Go To" library="SeleniumLibrary">
<arg>${new_url}</arg>
<doc>Navigates the current browser window to the provided ``url``.</doc>
<msg timestamp="20231025 11:58:34.012" level="INFO">Opening url 'https://rsp-dev-xx--esointpl.sandbox.my.salesforce.com/lightning/o/Account/list?filterName=Recent'</msg>
<status status="PASS" starttime="20231025 11:58:34.012" endtime="20231025 11:58:35.294"/>
</kw>
<status status="PASS" starttime="20231025 11:58:34.005" endtime="20231025 11:58:35.295"/>
</kw>
<kw name="Navigate to account creation page" library="Salesforce_WEB_account">
<kw name="Sleep" library="BuiltIn">
<arg>10s</arg>
<doc>Pauses the test executed for the given time.</doc>
<msg timestamp="20231025 11:58:45.296" level="INFO">Slept 10 seconds</msg>
<status status="PASS" starttime="20231025 11:58:35.295" endtime="20231025 11:58:45.296"/>
</kw>
<kw name="Click Element" library="SeleniumLibrary">
<arg>xpath=${ESO_ACC_LOC.ACC_NEW}</arg>
<doc>Click the element identified by ``locator``.</doc>
<msg timestamp="20231025 11:58:45.300" level="INFO">Clicking element 'xpath=//div[contains(text(),'New')]'.</msg>
<status status="PASS" starttime="20231025 11:58:45.296" endtime="20231025 11:58:45.455"/>
</kw>
<kw name="Wait Until Element Is Visible" library="SeleniumLibrary">
<arg>xpath=${ESO_ACC_LOC.NEW_PER}</arg>
<arg>10s</arg>
<doc>Waits until the element ``locator`` is visible.</doc>
<status status="PASS" starttime="20231025 11:58:45.456" endtime="20231025 11:58:47.011"/>
</kw>
<kw name="Click Element" library="SeleniumLibrary">
<arg>xpath=${ESO_ACC_LOC.NEW_PER}</arg>
<doc>Click the element identified by ``locator``.</doc>
<msg timestamp="20231025 11:58:47.012" level="INFO">Clicking element 'xpath=//h1[contains(text(),'Person Account Private')]'.</msg>
<status status="PASS" starttime="20231025 11:58:47.011" endtime="20231025 11:58:47.127"/>
</kw>
<kw name="Wait Until Element Is Visible" library="SeleniumLibrary">
<arg>xpath=${ESO_ACC_LOC.ACC_NEXT}</arg>
<arg>10s</arg>
<doc>Waits until the element ``locator`` is visible.</doc>
<status status="PASS" starttime="20231025 11:58:47.127" endtime="20231025 11:58:47.225"/>
</kw>
<kw name="Click Element" library="SeleniumLibrary">
<arg>xpath=${ESO_ACC_LOC.ACC_NEXT}</arg>
<doc>Click the element identified by ``locator``.</doc>
<msg timestamp="20231025 11:58:47.226" level="INFO">Clicking element 'xpath=//button[contains(text(),'Next')]'.</msg>
<status status="PASS" starttime="20231025 11:58:47.225" endtime="20231025 11:58:47.324"/>
</kw>
<kw name="Sleep" library="BuiltIn">
<arg>5s</arg>
<doc>Pauses the test executed for the given time.</doc>
<msg timestamp="20231025 11:58:52.324" level="INFO">Slept 5 seconds</msg>
<status status="PASS" starttime="20231025 11:58:47.324" endtime="20231025 11:58:52.324"/>
</kw>
<kw name="Wait Until Element Is Visible" library="SeleniumLibrary">
<arg>xpath=${ESO_ACC_LOC.MOB}</arg>
<arg>10s</arg>
<doc>Waits until the element ``locator`` is visible.</doc>
<status status="PASS" starttime="20231025 11:58:52.324" endtime="20231025 11:58:52.394"/>
</kw>
<status status="PASS" starttime="20231025 11:58:35.295" endtime="20231025 11:58:52.394"/>
</kw>
<kw name="First" library="random_names">
<var>${firstname}</var>
<arg>${fir_nm}</arg>
<msg timestamp="20231025 11:58:52.397" level="INFO">${firstname} = Bittner</msg>
<status status="PASS" starttime="20231025 11:58:52.394" endtime="20231025 11:58:52.397"/>
</kw>
<kw name="Last" library="random_names">
<var>${lastname}</var>
<arg>${lst_nm}</arg>
<msg timestamp="20231025 11:58:52.408" level="INFO">${lastname} = USER_sogsun</msg>
<status status="PASS" starttime="20231025 11:58:52.398" endtime="20231025 11:58:52.408"/>
</kw>
<kw name="Set email for account" library="Salesforce_WEB_account">
<arg>${firstname}</arg>
<arg>${lastname}</arg>
<kw name="Set Variable" library="BuiltIn">
<var>${email}</var>
<arg>${firstname}.${lastname}_sogsun@mailinator.com</arg>
<doc>Returns the given values which can then be assigned to a variables.</doc>
<msg timestamp="20231025 11:58:52.409" level="INFO">${email} = Bittner.USER_sogsun_sogsun@mailinator.com</msg>
<status status="PASS" starttime="20231025 11:58:52.408" endtime="20231025 11:58:52.409"/>
</kw>
<kw name="Convert To Lower Case" library="String">
<var>${email_lwr}</var>
<arg>${email}</arg>
<doc>Converts string to lower case.</doc>
<msg timestamp="20231025 11:58:52.410" level="INFO">${email_lwr} = bittner.user_sogsun_sogsun@mailinator.com</msg>
<status status="PASS" starttime="20231025 11:58:52.409" endtime="20231025 11:58:52.410"/>
</kw>
<kw name="Input Text" library="SeleniumLibrary">
<arg>xpath=${ESO_ACC_LOC.EMAIL}</arg>
<arg>${email_lwr}</arg>
<doc>Types the given ``text`` into the text field identified by ``locator``.</doc>
<msg timestamp="20231025 11:58:52.411" level="INFO">Typing text 'bittner.user_sogsun_sogsun@mailinator.com' into text field 'xpath=//input[@name="Email"]'.</msg>
<status status="PASS" starttime="20231025 11:58:52.410" endtime="20231025 11:58:53.118"/>
</kw>
<status status="PASS" starttime="20231025 11:58:52.408" endtime="20231025 11:58:53.118"/>
</kw>
<kw name="set phone for account" library="Salesforce_WEB_account">
<kw name="Generate Random String" library="String">
<var>${num}</var>
<arg>9</arg>
<arg>[NUMBERS]</arg>
<doc>Generates a string with a desired ``length`` from the given ``chars``.</doc>
<msg timestamp="20231025 11:58:53.120" level="INFO">${num} = 941813279</msg>
<status status="PASS" starttime="20231025 11:58:53.119" endtime="20231025 11:58:53.120"/>
</kw>
<kw name="Set Variable" library="BuiltIn">
<var>${phn}</var>
<arg>+49 30 ${num}</arg>
<doc>Returns the given values which can then be assigned to a variables.</doc>
<msg timestamp="20231025 11:58:53.121" level="INFO">${phn} = +49 30 941813279</msg>
<status status="PASS" starttime="20231025 11:58:53.120" endtime="20231025 11:58:53.121"/>
</kw>
<kw name="Input Text" library="SeleniumLibrary">
<arg>xpath=${ESO_ACC_LOC.MOB}</arg>
<arg>${phn}</arg>
<doc>Types the given ``text`` into the text field identified by ``locator``.</doc>
<msg timestamp="20231025 11:58:53.122" level="INFO">Typing text '+49 30 941813279' into text field 'xpath=//input[@name="PersonMobilePhone"]'.</msg>
<status status="PASS" starttime="20231025 11:58:53.121" endtime="20231025 11:58:53.408"/>
</kw>
<status status="PASS" starttime="20231025 11:58:53.118" endtime="20231025 11:58:53.408"/>
</kw>
<kw name="Set firstname for account" library="Salesforce_WEB_account">
<arg>${firstname}</arg>
<kw name="Scroll Element Into View" library="SeleniumLibrary">
<arg>xpath=${ESO_ACC_LOC.LST_NM}</arg>
<doc>Scrolls the element identified by ``locator`` into view.</doc>
<status status="PASS" starttime="20231025 11:58:53.408" endtime="20231025 11:58:53.701"/>
</kw>
<kw name="Input Text" library="SeleniumLibrary">
<arg>xpath=${ESO_ACC_LOC.FST_NM}</arg>
<arg>${first_name}</arg>
<doc>Types the given ``text`` into the text field identified by ``locator``.</doc>
<msg timestamp="20231025 11:58:53.702" level="INFO">Typing text 'Bittner' into text field 'xpath=//input[@name="FirstName"]'.</msg>
<status status="PASS" starttime="20231025 11:58:53.701" endtime="20231025 11:58:53.873"/>
</kw>
<status status="PASS" starttime="20231025 11:58:53.408" endtime="20231025 11:58:53.873"/>
</kw>
<kw name="Set lastname for account" library="Salesforce_WEB_account">
<arg>${lastname}</arg>
<kw name="Input Text" library="SeleniumLibrary">
<arg>xpath=${ESO_ACC_LOC.LST_NM}</arg>
<arg>${last_name}</arg>
<doc>Types the given ``text`` into the text field identified by ``locator``.</doc>
<msg timestamp="20231025 11:58:53.875" level="INFO">Typing text 'USER_sogsun' into text field 'xpath=//input[@name="LastName"]'.</msg>
<status status="PASS" starttime="20231025 11:58:53.874" endtime="20231025 11:58:54.034"/>
</kw>
<status status="PASS" starttime="20231025 11:58:53.873" endtime="20231025 11:58:54.034"/>
</kw>
<kw name="Scroll until the bottom of account creation page" library="Salesforce_WEB_account">
<kw name="Press Keys" library="SeleniumLibrary">
<arg>xpath=${ESO_ACC_LOC.LST_NM}</arg>
<arg>TAB</arg>
<arg>TAB</arg>
<arg>TAB</arg>
<arg>TAB</arg>
<arg>TAB</arg>
<arg>TAB</arg>
<arg>TAB</arg>
<arg>TAB</arg>
<arg>TAB</arg>
<arg>TAB</arg>
<arg>TAB</arg>
<arg>TAB</arg>
<arg>TAB</arg>
<arg>TAB</arg>
<doc>Simulates the user pressing key(s) to an element or on the active browser.</doc>
<msg timestamp="20231025 11:58:54.037" level="INFO">Sending key(s) ('TAB', 'TAB', 'TAB', 'TAB', 'TAB', 'TAB', 'TAB', 'TAB', 'TAB', 'TAB', 'TAB', 'TAB', 'TAB', 'TAB') to xpath=//input[@name="LastName"] element.</msg>
<msg timestamp="20231025 11:58:54.348" level="INFO">Pressing special key TAB to element.</msg>
<msg timestamp="20231025 11:58:54.348" level="INFO">Releasing special key TAB.</msg>
<msg timestamp="20231025 11:58:54.364" level="INFO">Pressing special key TAB to element.</msg>
<msg timestamp="20231025 11:58:54.365" level="INFO">Releasing special key TAB.</msg>
<msg timestamp="20231025 11:58:54.378" level="INFO">Pressing special key TAB to element.</msg>
<msg timestamp="20231025 11:58:54.378" level="INFO">Releasing special key TAB.</msg>
<msg timestamp="20231025 11:58:54.392" level="INFO">Pressing special key TAB to element.</msg>
<msg timestamp="20231025 11:58:54.392" level="INFO">Releasing special key TAB.</msg>
<msg timestamp="20231025 11:58:54.410" level="INFO">Pressing special key TAB to element.</msg>
<msg timestamp="20231025 11:58:54.410" level="INFO">Releasing special key TAB.</msg>
<msg timestamp="20231025 11:58:54.496" level="INFO">Pressing special key TAB to element.</msg>
<msg timestamp="20231025 11:58:54.496" level="INFO">Releasing special key TAB.</msg>
<msg timestamp="20231025 11:58:54.516" level="INFO">Pressing special key TAB to element.</msg>
<msg timestamp="20231025 11:58:54.516" level="INFO">Releasing special key TAB.</msg>
<msg timestamp="20231025 11:58:54.533" level="INFO">Pressing special key TAB to element.</msg>
<msg timestamp="20231025 11:58:54.534" level="INFO">Releasing special key TAB.</msg>
<msg timestamp="20231025 11:58:54.548" level="INFO">Pressing special key TAB to element.</msg>
<msg timestamp="20231025 11:58:54.548" level="INFO">Releasing special key TAB.</msg>
<msg timestamp="20231025 11:58:54.559" level="INFO">Pressing special key TAB to element.</msg>
<msg timestamp="20231025 11:58:54.559" level="INFO">Releasing special key TAB.</msg>
<msg timestamp="20231025 11:58:54.572" level="INFO">Pressing special key TAB to element.</msg>
<msg timestamp="20231025 11:58:54.572" level="INFO">Releasing special key TAB.</msg>
<msg timestamp="20231025 11:58:54.585" level="INFO">Pressing special key TAB to element.</msg>
<msg timestamp="20231025 11:58:54.586" level="INFO">Releasing special key TAB.</msg>
<msg timestamp="20231025 11:58:54.598" level="INFO">Pressing special key TAB to element.</msg>
<msg timestamp="20231025 11:58:54.598" level="INFO">Releasing special key TAB.</msg>
<msg timestamp="20231025 11:58:54.607" level="INFO">Pressing special key TAB to element.</msg>
<msg timestamp="20231025 11:58:54.607" level="INFO">Releasing special key TAB.</msg>
<status status="PASS" starttime="20231025 11:58:54.034" endtime="20231025 11:58:54.618"/>
</kw>
<status status="PASS" starttime="20231025 11:58:54.034" endtime="20231025 11:58:54.618"/>
</kw>
<kw name="Sleep" library="BuiltIn">
<arg>3s</arg>
<doc>Pauses the test executed for the given time.</doc>
<msg timestamp="20231025 11:58:57.618" level="INFO">Slept 3 seconds</msg>
<status status="PASS" starttime="20231025 11:58:54.618" endtime="20231025 11:58:57.618"/>
</kw>
<kw name="Set preferred address" library="Salesforce_WEB_account">
<kw name="Sleep" library="BuiltIn">
<arg>2s</arg>
<doc>Pauses the test executed for the given time.</doc>
<msg timestamp="20231025 11:58:59.619" level="INFO">Slept 2 seconds</msg>
<status status="PASS" starttime="20231025 11:58:57.618" endtime="20231025 11:58:59.619"/>
</kw>
<kw name="Press Keys" library="SeleniumLibrary">
<arg>xpath=${ESO_ACC_LOC.PREF_ADR}</arg>
<arg>Private</arg>
<arg>ENTER</arg>
<doc>Simulates the user pressing key(s) to an element or on the active browser.</doc>
<msg timestamp="20231025 11:58:59.623" level="INFO">Sending key(s) ('Private', 'ENTER') to xpath=//label[contains(text(),'Preferred Address')]/parent::div/descendant::div[4]/child::button/span element.</msg>
<msg timestamp="20231025 11:59:00.046" level="INFO">Sending keys Private</msg>
<msg timestamp="20231025 11:59:00.091" level="INFO">Pressing special key ENTER to element.</msg>
<msg timestamp="20231025 11:59:00.091" level="INFO">Releasing special key ENTER.</msg>
<status status="PASS" starttime="20231025 11:58:59.619" endtime="20231025 11:59:00.109"/>
</kw>
<status status="PASS" starttime="20231025 11:58:57.618" endtime="20231025 11:59:00.109"/>
</kw>
<kw name="Wait Until Keyword Succeeds" library="BuiltIn">
<arg>10x</arg>
<arg>3000ms</arg>
<arg>Search and set the address</arg>
<arg>${address_data}</arg>
<doc>Runs the specified keyword and retries if it fails.</doc>
<kw name="Search and set the address" library="Salesforce_WEB_account">
<arg>${address_data}</arg>
<kw name="Get an address set" library="DataManager">
<var>${per_str}</var>
<arg>${addressdata}</arg>
<kw name="Get From Dictionary" library="Collections">
<var>${country}</var>
<arg>${ADRDATA.${testdata}}</arg>
<arg>country</arg>
<doc>Returns a value from the given ``dictionary`` based on the given ``key``.</doc>
<msg timestamp="20231025 11:59:00.111" level="INFO">${country} = PL</msg>
<status status="PASS" starttime="20231025 11:59:00.110" endtime="20231025 11:59:00.111"/>
</kw>
<kw name="Log" library="BuiltIn">
<arg>${country}</arg>
<doc>Logs the given message with the given level.</doc>
<msg timestamp="20231025 11:59:00.112" level="INFO">PL</msg>
<status status="PASS" starttime="20231025 11:59:00.112" endtime="20231025 11:59:00.112"/>
</kw>
<kw name="Get test address data" library="DataManager">
<arg>${TD_ADR.${country}}</arg>
<kw name="Get CONFIG Test data" library="DataManager">
<var>&amp;{ADRDATA_TC}</var>
<arg>${TestDataPath}</arg>
<kw name="Get Cfg Data" library="config">
<var>${CONFIGData}</var>
<arg>${FilePathCONFIG}</arg>
<msg timestamp="20231025 11:59:00.114" level="INFO">${CONFIGData} = {'PL_SET_1': {'country': 'PL', 'street_given': 'South Mall', 'street_index': 'South Mall', 'city_given': 'Cork'}, 'PL_SET_2': {'country': 'PL', 'street_given': 'Lawrence Grove', 'street_index': 'Lawre...</msg>
<status status="PASS" starttime="20231025 11:59:00.113" endtime="20231025 11:59:00.114"/>
</kw>
<msg timestamp="20231025 11:59:00.115" level="INFO">&amp;{ADRDATA_TC} = { PL_SET_1={'country': 'PL', 'street_given': 'South Mall', 'street_index': 'South Mall', 'city_given': 'Cork'} | PL_SET_2={'country': 'PL', 'street_given': 'Lawrence Grove', 'street_index': 'Lawrence ...</msg>
<status status="PASS" starttime="20231025 11:59:00.113" endtime="20231025 11:59:00.115"/>
</kw>
<kw name="Set Test Variable" library="BuiltIn">
<arg>&amp;{ADRDATA_TC}</arg>
<doc>Makes a variable available everywhere within the scope of the current test.</doc>
<msg timestamp="20231025 11:59:00.115" level="INFO">&amp;{ADRDATA_TC} = { PL_SET_1={'country': 'PL', 'street_given': 'South Mall', 'street_index': 'South Mall', 'city_given': 'Cork'} | PL_SET_2={'country': 'PL', 'street_given': 'Lawrence Grove', 'street_index': 'Lawrence ...</msg>
<status status="PASS" starttime="20231025 11:59:00.115" endtime="20231025 11:59:00.116"/>
</kw>
<status status="PASS" starttime="20231025 11:59:00.112" endtime="20231025 11:59:00.116"/>
</kw>
<kw name="Evaluate" library="BuiltIn">
<var>${NMBR}</var>
<arg>random.randint(1, 5)</arg>
<doc>Evaluates the given expression in Python and returns the result.</doc>
<msg timestamp="20231025 11:59:00.116" level="INFO">${NMBR} = 3</msg>
<status status="PASS" starttime="20231025 11:59:00.116" endtime="20231025 11:59:00.116"/>
</kw>
<kw name="Format String" library="String">
<var>${Profile}</var>
<arg>${country}_SET_${NMBR}</arg>
<doc>Formats a ``template`` using the given ``positional`` and ``named`` arguments.</doc>
<msg timestamp="20231025 11:59:00.117" level="INFO">${Profile} = PL_SET_3</msg>
<status status="PASS" starttime="20231025 11:59:00.116" endtime="20231025 11:59:00.117"/>
</kw>
<msg timestamp="20231025 11:59:00.118" level="INFO">${per_str} = {'country': 'PL', 'street_given': 'Wellington Quay', 'street_index': 'Wellington', 'city_given': 'New Ross'}</msg>
<status status="PASS" starttime="20231025 11:59:00.110" endtime="20231025 11:59:00.118"/>
</kw>
<kw name="Clear Element Text" library="SeleniumLibrary">
<arg>xpath=${ESO_ACC_LOC.SER_ADR}</arg>
<doc>Clears the value of the text-input-element identified by ``locator``.</doc>
<status status="PASS" starttime="20231025 11:59:00.118" endtime="20231025 11:59:00.168"/>
</kw>
<kw name="Press Keys" library="SeleniumLibrary">
<arg>xpath=${ESO_ACC_LOC.SER_ADR}</arg>
<arg>${per_str.street_given}</arg>
<doc>Simulates the user pressing key(s) to an element or on the active browser.</doc>
<msg timestamp="20231025 11:59:00.170" level="INFO">Sending key(s) ('Wellington Quay',) to xpath=//label[contains(text(),'Address Search')]/parent::span/following::div[2]/descendant::input[1] element.</msg>
<msg timestamp="20231025 11:59:00.469" level="INFO">Sending keys Wellington Quay</msg>
<status status="PASS" starttime="20231025 11:59:00.168" endtime="20231025 11:59:00.671"/>
</kw>
<kw name="Sleep" library="BuiltIn">
<arg>4s</arg>
<doc>Pauses the test executed for the given time.</doc>
<msg timestamp="20231025 11:59:04.672" level="INFO">Slept 4 seconds</msg>
<status status="PASS" starttime="20231025 11:59:00.671" endtime="20231025 11:59:04.672"/>
</kw>
<kw name="Evaluate" library="BuiltIn">
<var>${NMBR}</var>
<arg>random.randint(1, 2)</arg>
<doc>Evaluates the given expression in Python and returns the result.</doc>
<msg timestamp="20231025 11:59:04.672" level="INFO">${NMBR} = 1</msg>
<status status="PASS" starttime="20231025 11:59:04.672" endtime="20231025 11:59:04.672"/>
</kw>
<kw name="Sleep" library="BuiltIn">
<arg>10s</arg>
<doc>Pauses the test executed for the given time.</doc>
<msg timestamp="20231025 11:59:14.674" level="INFO">Slept 10 seconds</msg>
<status status="PASS" starttime="20231025 11:59:04.673" endtime="20231025 11:59:14.674"/>
</kw>
<kw name="Press Keys" library="SeleniumLibrary">
<arg>xpath=(//span[contains(text(),'${per_str.street_given}')])[${NMBR}]</arg>
<arg>ENTER</arg>
<doc>Simulates the user pressing key(s) to an element or on the active browser.</doc>
<msg timestamp="20231025 11:59:14.677" level="INFO">Sending key(s) ('ENTER',) to xpath=(//span[contains(text(),'Wellington Quay')])[1] element.</msg>
<msg timestamp="20231025 11:59:14.907" level="INFO" html="true">&lt;/td&gt;&lt;/tr&gt;&lt;tr&gt;&lt;td colspan="3"&gt;&lt;a href="selenium-screenshot-65.png"&gt;&lt;img src="selenium-screenshot-65.png" width="800px"&gt;&lt;/a&gt;</msg>
<msg timestamp="20231025 11:59:14.907" level="FAIL">Element with locator 'xpath=(//span[contains(text(),'Wellington Quay')])[1]' not found.</msg>
<status status="FAIL" starttime="20231025 11:59:14.675" endtime="20231025 11:59:14.909"/>
</kw>
<kw name="Sleep" library="BuiltIn">
<arg>10s</arg>
<doc>Pauses the test executed for the given time.</doc>
<status status="NOT RUN" starttime="20231025 11:59:14.910" endtime="20231025 11:59:14.910"/>
</kw>
<status status="FAIL" starttime="20231025 11:59:00.109" endtime="20231025 11:59:14.910"/>
</kw>
<kw name="Search and set the address" library="Salesforce_WEB_account">
<arg>${address_data}</arg>
<kw name="Get an address set" library="DataManager">
<var>${per_str}</var>
<arg>${addressdata}</arg>
<kw name="Get From Dictionary" library="Collections">
<var>${country}</var>
<arg>${ADRDATA.${testdata}}</arg>
<arg>country</arg>
<doc>Returns a value from the given ``dictionary`` based on the given ``key``.</doc>
<msg timestamp="20231025 11:59:17.914" level="INFO">${country} = PL</msg>
<status status="PASS" starttime="20231025 11:59:17.912" endtime="20231025 11:59:17.914"/>
</kw>
<kw name="Log" library="BuiltIn">
<arg>${country}</arg>
<doc>Logs the given message with the given level.</doc>
<msg timestamp="20231025 11:59:17.915" level="INFO">PL</msg>
<status status="PASS" starttime="20231025 11:59:17.914" endtime="20231025 11:59:17.916"/>
</kw>
<kw name="Get test address data" library="DataManager">
<arg>${TD_ADR.${country}}</arg>
<kw name="Get CONFIG Test data" library="DataManager">
<var>&amp;{ADRDATA_TC}</var>
<arg>${TestDataPath}</arg>
<kw name="Get Cfg Data" library="config">
<var>${CONFIGData}</var>
<arg>${FilePathCONFIG}</arg>
<msg timestamp="20231025 11:59:17.921" level="INFO">${CONFIGData} = {'PL_SET_1': {'country': 'PL', 'street_given': 'South Mall', 'street_index': 'South Mall', 'city_given': 'Cork'}, 'PL_SET_2': {'country': 'PL', 'street_given': 'Lawrence Grove', 'street_index': 'Lawre...</msg>
<status status="PASS" starttime="20231025 11:59:17.919" endtime="20231025 11:59:17.921"/>
</kw>
<msg timestamp="20231025 11:59:17.922" level="INFO">&amp;{ADRDATA_TC} = { PL_SET_1={'country': 'PL', 'street_given': 'South Mall', 'street_index': 'South Mall', 'city_given': 'Cork'} | PL_SET_2={'country': 'PL', 'street_given': 'Lawrence Grove', 'street_index': 'Lawrence ...</msg>
<status status="PASS" starttime="20231025 11:59:17.918" endtime="20231025 11:59:17.922"/>
</kw>
<kw name="Set Test Variable" library="BuiltIn">
<arg>&amp;{ADRDATA_TC}</arg>
<doc>Makes a variable available everywhere within the scope of the current test.</doc>
<msg timestamp="20231025 11:59:17.924" level="INFO">&amp;{ADRDATA_TC} = { PL_SET_1={'country': 'PL', 'street_given': 'South Mall', 'street_index': 'South Mall', 'city_given': 'Cork'} | PL_SET_2={'country': 'PL', 'street_given': 'Lawrence Grove', 'street_index': 'Lawrence ...</msg>
<status status="PASS" starttime="20231025 11:59:17.923" endtime="20231025 11:59:17.924"/>
</kw>
<status status="PASS" starttime="20231025 11:59:17.916" endtime="20231025 11:59:17.924"/>
</kw>
<kw name="Evaluate" library="BuiltIn">
<var>${NMBR}</var>
<arg>random.randint(1, 5)</arg>
<doc>Evaluates the given expression in Python and returns the result.</doc>
<msg timestamp="20231025 11:59:17.925" level="INFO">${NMBR} = 1</msg>
<status status="PASS" starttime="20231025 11:59:17.924" endtime="20231025 11:59:17.925"/>
</kw>
<kw name="Format String" library="String">
<var>${Profile}</var>
<arg>${country}_SET_${NMBR}</arg>
<doc>Formats a ``template`` using the given ``positional`` and ``named`` arguments.</doc>
<msg timestamp="20231025 11:59:17.926" level="INFO">${Profile} = PL_SET_1</msg>
<status status="PASS" starttime="20231025 11:59:17.925" endtime="20231025 11:59:17.926"/>
</kw>
<msg timestamp="20231025 11:59:17.927" level="INFO">${per_str} = {'country': 'PL', 'street_given': 'South Mall', 'street_index': 'South Mall', 'city_given': 'Cork'}</msg>
<status status="PASS" starttime="20231025 11:59:17.911" endtime="20231025 11:59:17.927"/>
</kw>
<kw name="Clear Element Text" library="SeleniumLibrary">
<arg>xpath=${ESO_ACC_LOC.SER_ADR}</arg>
<doc>Clears the value of the text-input-element identified by ``locator``.</doc>
<status status="PASS" starttime="20231025 11:59:17.928" endtime="20231025 11:59:18.132"/>
</kw>
<kw name="Press Keys" library="SeleniumLibrary">
<arg>xpath=${ESO_ACC_LOC.SER_ADR}</arg>
<arg>${per_str.street_given}</arg>
<doc>Simulates the user pressing key(s) to an element or on the active browser.</doc>
<msg timestamp="20231025 11:59:18.139" level="INFO">Sending key(s) ('South Mall',) to xpath=//label[contains(text(),'Address Search')]/parent::span/following::div[2]/descendant::input[1] element.</msg>
<msg timestamp="20231025 11:59:18.513" level="INFO">Sending keys South Mall</msg>
<status status="PASS" starttime="20231025 11:59:18.133" endtime="20231025 11:59:18.980"/>
</kw>
<kw name="Sleep" library="BuiltIn">
<arg>4s</arg>
<doc>Pauses the test executed for the given time.</doc>
<msg timestamp="20231025 11:59:22.980" level="INFO">Slept 4 seconds</msg>
<status status="PASS" starttime="20231025 11:59:18.980" endtime="20231025 11:59:22.980"/>
</kw>
<kw name="Evaluate" library="BuiltIn">
<var>${NMBR}</var>
<arg>random.randint(1, 2)</arg>
<doc>Evaluates the given expression in Python and returns the result.</doc>
<msg timestamp="20231025 11:59:22.981" level="INFO">${NMBR} = 2</msg>
<status status="PASS" starttime="20231025 11:59:22.981" endtime="20231025 11:59:22.982"/>
</kw>
<kw name="Sleep" library="BuiltIn">
<arg>10s</arg>
<doc>Pauses the test executed for the given time.</doc>
<msg timestamp="20231025 11:59:32.983" level="INFO">Slept 10 seconds</msg>
<status status="PASS" starttime="20231025 11:59:22.982" endtime="20231025 11:59:32.983"/>
</kw>
<kw name="Press Keys" library="SeleniumLibrary">
<arg>xpath=(//span[contains(text(),'${per_str.street_given}')])[${NMBR}]</arg>
<arg>ENTER</arg>
<doc>Simulates the user pressing key(s) to an element or on the active browser.</doc>
<msg timestamp="20231025 11:59:32.984" level="INFO">Sending key(s) ('ENTER',) to xpath=(//span[contains(text(),'South Mall')])[2] element.</msg>
<msg timestamp="20231025 11:59:33.209" level="INFO" html="true">&lt;/td&gt;&lt;/tr&gt;&lt;tr&gt;&lt;td colspan="3"&gt;&lt;a href="selenium-screenshot-66.png"&gt;&lt;img src="selenium-screenshot-66.png" width="800px"&gt;&lt;/a&gt;</msg>
<msg timestamp="20231025 11:59:33.209" level="FAIL">Element with locator 'xpath=(//span[contains(text(),'South Mall')])[2]' not found.</msg>
<status status="FAIL" starttime="20231025 11:59:32.983" endtime="20231025 11:59:33.210"/>
</kw>
<kw name="Sleep" library="BuiltIn">
<arg>10s</arg>
<doc>Pauses the test executed for the given time.</doc>
<status status="NOT RUN" starttime="20231025 11:59:33.210" endtime="20231025 11:59:33.210"/>
</kw>
<status status="FAIL" starttime="20231025 11:59:17.910" endtime="20231025 11:59:33.210"/>
</kw>
<kw name="Search and set the address" library="Salesforce_WEB_account">
<arg>${address_data}</arg>
<kw name="Get an address set" library="DataManager">
<var>${per_str}</var>
<arg>${addressdata}</arg>
<kw name="Get From Dictionary" library="Collections">
<var>${country}</var>
<arg>${ADRDATA.${testdata}}</arg>
<arg>country</arg>
<doc>Returns a value from the given ``dictionary`` based on the given ``key``.</doc>
<msg timestamp="20231025 11:59:36.213" level="INFO">${country} = PL</msg>
<status status="PASS" starttime="20231025 11:59:36.212" endtime="20231025 11:59:36.213"/>
</kw>
<kw name="Log" library="BuiltIn">
<arg>${country}</arg>
<doc>Logs the given message with the given level.</doc>
<msg timestamp="20231025 11:59:36.213" level="INFO">PL</msg>
<status status="PASS" starttime="20231025 11:59:36.213" endtime="20231025 11:59:36.214"/>
</kw>
<kw name="Get test address data" library="DataManager">
<arg>${TD_ADR.${country}}</arg>
<kw name="Get CONFIG Test data" library="DataManager">
<var>&amp;{ADRDATA_TC}</var>
<arg>${TestDataPath}</arg>
<kw name="Get Cfg Data" library="config">
<var>${CONFIGData}</var>
<arg>${FilePathCONFIG}</arg>
<msg timestamp="20231025 11:59:36.219" level="INFO">${CONFIGData} = {'PL_SET_1': {'country': 'PL', 'street_given': 'South Mall', 'street_index': 'South Mall', 'city_given': 'Cork'}, 'PL_SET_2': {'country': 'PL', 'street_given': 'Lawrence Grove', 'street_index': 'Lawre...</msg>
<status status="PASS" starttime="20231025 11:59:36.216" endtime="20231025 11:59:36.219"/>
</kw>
<msg timestamp="20231025 11:59:36.221" level="INFO">&amp;{ADRDATA_TC} = { PL_SET_1={'country': 'PL', 'street_given': 'South Mall', 'street_index': 'South Mall', 'city_given': 'Cork'} | PL_SET_2={'country': 'PL', 'street_given': 'Lawrence Grove', 'street_index': 'Lawrence ...</msg>
<status status="PASS" starttime="20231025 11:59:36.216" endtime="20231025 11:59:36.221"/>
</kw>
<kw name="Set Test Variable" library="BuiltIn">
<arg>&amp;{ADRDATA_TC}</arg>
<doc>Makes a variable available everywhere within the scope of the current test.</doc>
<msg timestamp="20231025 11:59:36.222" level="INFO">&amp;{ADRDATA_TC} = { PL_SET_1={'country': 'PL', 'street_given': 'South Mall', 'street_index': 'South Mall', 'city_given': 'Cork'} | PL_SET_2={'country': 'PL', 'street_given': 'Lawrence Grove', 'street_index': 'Lawrence ...</msg>
<status status="PASS" starttime="20231025 11:59:36.221" endtime="20231025 11:59:36.222"/>
</kw>
<status status="PASS" starttime="20231025 11:59:36.214" endtime="20231025 11:59:36.223"/>
</kw>
<kw name="Evaluate" library="BuiltIn">
<var>${NMBR}</var>
<arg>random.randint(1, 5)</arg>
<doc>Evaluates the given expression in Python and returns the result.</doc>
<msg timestamp="20231025 11:59:36.223" level="INFO">${NMBR} = 3</msg>
<status status="PASS" starttime="20231025 11:59:36.223" endtime="20231025 11:59:36.223"/>
</kw>
<kw name="Format String" library="String">
<var>${Profile}</var>
<arg>${country}_SET_${NMBR}</arg>
<doc>Formats a ``template`` using the given ``positional`` and ``named`` arguments.</doc>
<msg timestamp="20231025 11:59:36.224" level="INFO">${Profile} = PL_SET_3</msg>
<status status="PASS" starttime="20231025 11:59:36.223" endtime="20231025 11:59:36.224"/>
</kw>
<msg timestamp="20231025 11:59:36.225" level="INFO">${per_str} = {'country': 'PL', 'street_given': 'Wellington Quay', 'street_index': 'Wellington', 'city_given': 'New Ross'}</msg>
<status status="PASS" starttime="20231025 11:59:36.211" endtime="20231025 11:59:36.225"/>
</kw>
<kw name="Clear Element Text" library="SeleniumLibrary">
<arg>xpath=${ESO_ACC_LOC.SER_ADR}</arg>
<doc>Clears the value of the text-input-element identified by ``locator``.</doc>
<status status="PASS" starttime="20231025 11:59:36.225" endtime="20231025 11:59:36.388"/>
</kw>
<kw name="Press Keys" library="SeleniumLibrary">
<arg>xpath=${ESO_ACC_LOC.SER_ADR}</arg>
<arg>${per_str.street_given}</arg>
<doc>Simulates the user pressing key(s) to an element or on the active browser.</doc>
<msg timestamp="20231025 11:59:36.391" level="INFO">Sending key(s) ('Wellington Quay',) to xpath=//label[contains(text(),'Address Search')]/parent::span/following::div[2]/descendant::input[1] element.</msg>
<msg timestamp="20231025 11:59:36.731" level="INFO">Sending keys Wellington Quay</msg>
<status status="PASS" starttime="20231025 11:59:36.389" endtime="20231025 11:59:36.962"/>
</kw>
<kw name="Sleep" library="BuiltIn">
<arg>4s</arg>
<doc>Pauses the test executed for the given time.</doc>
<msg timestamp="20231025 11:59:40.963" level="INFO">Slept 4 seconds</msg>
<status status="PASS" starttime="20231025 11:59:36.962" endtime="20231025 11:59:40.963"/>
</kw>
<kw name="Evaluate" library="BuiltIn">
<var>${NMBR}</var>
<arg>random.randint(1, 2)</arg>
<doc>Evaluates the given expression in Python and returns the result.</doc>
<msg timestamp="20231025 11:59:40.964" level="INFO">${NMBR} = 1</msg>
<status status="PASS" starttime="20231025 11:59:40.963" endtime="20231025 11:59:40.964"/>
</kw>
<kw name="Sleep" library="BuiltIn">
<arg>10s</arg>
<doc>Pauses the test executed for the given time.</doc>
<msg timestamp="20231025 11:59:50.966" level="INFO">Slept 10 seconds</msg>
<status status="PASS" starttime="20231025 11:59:40.964" endtime="20231025 11:59:50.966"/>
</kw>
<kw name="Press Keys" library="SeleniumLibrary">
<arg>xpath=(//span[contains(text(),'${per_str.street_given}')])[${NMBR}]</arg>
<arg>ENTER</arg>
<doc>Simulates the user pressing key(s) to an element or on the active browser.</doc>
<msg timestamp="20231025 11:59:50.971" level="INFO">Sending key(s) ('ENTER',) to xpath=(//span[contains(text(),'Wellington Quay')])[1] element.</msg>
<msg timestamp="20231025 11:59:51.211" level="INFO" html="true">&lt;/td&gt;&lt;/tr&gt;&lt;tr&gt;&lt;td colspan="3"&gt;&lt;a href="selenium-screenshot-67.png"&gt;&lt;img src="selenium-screenshot-67.png" width="800px"&gt;&lt;/a&gt;</msg>
<msg timestamp="20231025 11:59:51.211" level="FAIL">Element with locator 'xpath=(//span[contains(text(),'Wellington Quay')])[1]' not found.</msg>
<status status="FAIL" starttime="20231025 11:59:50.967" endtime="20231025 11:59:51.211"/>
</kw>
<kw name="Sleep" library="BuiltIn">
<arg>10s</arg>
<doc>Pauses the test executed for the given time.</doc>
<status status="NOT RUN" starttime="20231025 11:59:51.211" endtime="20231025 11:59:51.211"/>
</kw>
<status status="FAIL" starttime="20231025 11:59:36.210" endtime="20231025 11:59:51.211"/>
</kw>
<kw name="Search and set the address" library="Salesforce_WEB_account">
<arg>${address_data}</arg>
<kw name="Get an address set" library="DataManager">
<var>${per_str}</var>
<arg>${addressdata}</arg>
<kw name="Get From Dictionary" library="Collections">
<var>${country}</var>
<arg>${ADRDATA.${testdata}}</arg>
<arg>country</arg>
<doc>Returns a value from the given ``dictionary`` based on the given ``key``.</doc>
<msg timestamp="20231025 11:59:54.218" level="INFO">${country} = PL</msg>
<status status="PASS" starttime="20231025 11:59:54.215" endtime="20231025 11:59:54.218"/>
</kw>
<kw name="Log" library="BuiltIn">
<arg>${country}</arg>
<doc>Logs the given message with the given level.</doc>
<msg timestamp="20231025 11:59:54.219" level="INFO">PL</msg>
<status status="PASS" starttime="20231025 11:59:54.219" endtime="20231025 11:59:54.220"/>
</kw>
<kw name="Get test address data" library="DataManager">
<arg>${TD_ADR.${country}}</arg>
<kw name="Get CONFIG Test data" library="DataManager">
<var>&amp;{ADRDATA_TC}</var>
<arg>${TestDataPath}</arg>
<kw name="Get Cfg Data" library="config">
<var>${CONFIGData}</var>
<arg>${FilePathCONFIG}</arg>
<msg timestamp="20231025 11:59:54.229" level="INFO">${CONFIGData} = {'PL_SET_1': {'country': 'PL', 'street_given': 'South Mall', 'street_index': 'South Mall', 'city_given': 'Cork'}, 'PL_SET_2': {'country': 'PL', 'street_given': 'Lawrence Grove', 'street_index': 'Lawre...</msg>
<status status="PASS" starttime="20231025 11:59:54.225" endtime="20231025 11:59:54.229"/>
</kw>
<msg timestamp="20231025 11:59:54.230" level="INFO">&amp;{ADRDATA_TC} = { PL_SET_1={'country': 'PL', 'street_given': 'South Mall', 'street_index': 'South Mall', 'city_given': 'Cork'} | PL_SET_2={'country': 'PL', 'street_given': 'Lawrence Grove', 'street_index': 'Lawrence ...</msg>
<status status="PASS" starttime="20231025 11:59:54.223" endtime="20231025 11:59:54.231"/>
</kw>
<kw name="Set Test Variable" library="BuiltIn">
<arg>&amp;{ADRDATA_TC}</arg>
<doc>Makes a variable available everywhere within the scope of the current test.</doc>
<msg timestamp="20231025 11:59:54.233" level="INFO">&amp;{ADRDATA_TC} = { PL_SET_1={'country': 'PL', 'street_given': 'South Mall', 'street_index': 'South Mall', 'city_given': 'Cork'} | PL_SET_2={'country': 'PL', 'street_given': 'Lawrence Grove', 'street_index': 'Lawrence ...</msg>
<status status="PASS" starttime="20231025 11:59:54.232" endtime="20231025 11:59:54.233"/>
</kw>
<status status="PASS" starttime="20231025 11:59:54.220" endtime="20231025 11:59:54.233"/>
</kw>
<kw name="Evaluate" library="BuiltIn">
<var>${NMBR}</var>
<arg>random.randint(1, 5)</arg>
<doc>Evaluates the given expression in Python and returns the result.</doc>
<msg timestamp="20231025 11:59:54.235" level="INFO">${NMBR} = 3</msg>
<status status="PASS" starttime="20231025 11:59:54.234" endtime="20231025 11:59:54.235"/>
</kw>
<kw name="Format String" library="String">
<var>${Profile}</var>
<arg>${country}_SET_${NMBR}</arg>
<doc>Formats a ``template`` using the given ``positional`` and ``named`` arguments.</doc>
<msg timestamp="20231025 11:59:54.236" level="INFO">${Profile} = PL_SET_3</msg>
<status status="PASS" starttime="20231025 11:59:54.235" endtime="20231025 11:59:54.236"/>
</kw>
<msg timestamp="20231025 11:59:54.239" level="INFO">${per_str} = {'country': 'PL', 'street_given': 'Wellington Quay', 'street_index': 'Wellington', 'city_given': 'New Ross'}</msg>
<status status="PASS" starttime="20231025 11:59:54.214" endtime="20231025 11:59:54.239"/>
</kw>
<kw name="Clear Element Text" library="SeleniumLibrary">
<arg>xpath=${ESO_ACC_LOC.SER_ADR}</arg>
<doc>Clears the value of the text-input-element identified by ``locator``.</doc>
<status status="PASS" starttime="20231025 11:59:54.239" endtime="20231025 11:59:54.390"/>
</kw>
<kw name="Press Keys" library="SeleniumLibrary">
<arg>xpath=${ESO_ACC_LOC.SER_ADR}</arg>
<arg>${per_str.street_given}</arg>
<doc>Simulates the user pressing key(s) to an element or on the active browser.</doc>
<msg timestamp="20231025 11:59:54.395" level="INFO">Sending key(s) ('Wellington Quay',) to xpath=//label[contains(text(),'Address Search')]/parent::span/following::div[2]/descendant::input[1] element.</msg>
<msg timestamp="20231025 11:59:54.720" level="INFO">Sending keys Wellington Quay</msg>
<status status="PASS" starttime="20231025 11:59:54.391" endtime="20231025 11:59:54.986"/>
</kw>
<kw name="Sleep" library="BuiltIn">
<arg>4s</arg>
<doc>Pauses the test executed for the given time.</doc>
<msg timestamp="20231025 11:59:58.986" level="INFO">Slept 4 seconds</msg>
<status status="PASS" starttime="20231025 11:59:54.986" endtime="20231025 11:59:58.987"/>
</kw>
<kw name="Evaluate" library="BuiltIn">
<var>${NMBR}</var>
<arg>random.randint(1, 2)</arg>
<doc>Evaluates the given expression in Python and returns the result.</doc>
<msg timestamp="20231025 11:59:58.988" level="INFO">${NMBR} = 1</msg>
<status status="PASS" starttime="20231025 11:59:58.987" endtime="20231025 11:59:58.988"/>
</kw>
<kw name="Sleep" library="BuiltIn">
<arg>10s</arg>
<doc>Pauses the test executed for the given time.</doc>
<msg timestamp="20231025 12:00:08.990" level="INFO">Slept 10 seconds</msg>
<status status="PASS" starttime="20231025 11:59:58.988" endtime="20231025 12:00:08.990"/>
</kw>
<kw name="Press Keys" library="SeleniumLibrary">
<arg>xpath=(//span[contains(text(),'${per_str.street_given}')])[${NMBR}]</arg>
<arg>ENTER</arg>
<doc>Simulates the user pressing key(s) to an element or on the active browser.</doc>
<msg timestamp="20231025 12:00:08.994" level="INFO">Sending key(s) ('ENTER',) to xpath=(//span[contains(text(),'Wellington Quay')])[1] element.</msg>
<msg timestamp="20231025 12:00:09.364" level="INFO" html="true">&lt;/td&gt;&lt;/tr&gt;&lt;tr&gt;&lt;td colspan="3"&gt;&lt;a href="selenium-screenshot-68.png"&gt;&lt;img src="selenium-screenshot-68.png" width="800px"&gt;&lt;/a&gt;</msg>
<msg timestamp="20231025 12:00:09.365" level="FAIL">Element with locator 'xpath=(//span[contains(text(),'Wellington Quay')])[1]' not found.</msg>
<status status="FAIL" starttime="20231025 12:00:08.991" endtime="20231025 12:00:09.366"/>
</kw>
<kw name="Sleep" library="BuiltIn">
<arg>10s</arg>
<doc>Pauses the test executed for the given time.</doc>
<status status="NOT RUN" starttime="20231025 12:00:09.366" endtime="20231025 12:00:09.366"/>
</kw>
<status status="FAIL" starttime="20231025 11:59:54.213" endtime="20231025 12:00:09.366"/>
</kw>
<kw name="Search and set the address" library="Salesforce_WEB_account">
<arg>${address_data}</arg>
<kw name="Get an address set" library="DataManager">
<var>${per_str}</var>
<arg>${addressdata}</arg>
<kw name="Get From Dictionary" library="Collections">
<var>${country}</var>
<arg>${ADRDATA.${testdata}}</arg>
<arg>country</arg>
<doc>Returns a value from the given ``dictionary`` based on the given ``key``.</doc>
<msg timestamp="20231025 12:00:12.370" level="INFO">${country} = PL</msg>
<status status="PASS" starttime="20231025 12:00:12.368" endtime="20231025 12:00:12.370"/>
</kw>
<kw name="Log" library="BuiltIn">
<arg>${country}</arg>
<doc>Logs the given message with the given level.</doc>
<msg timestamp="20231025 12:00:12.370" level="INFO">PL</msg>
<status status="PASS" starttime="20231025 12:00:12.370" endtime="20231025 12:00:12.370"/>
</kw>
<kw name="Get test address data" library="DataManager">
<arg>${TD_ADR.${country}}</arg>
<kw name="Get CONFIG Test data" library="DataManager">
<var>&amp;{ADRDATA_TC}</var>
<arg>${TestDataPath}</arg>
<kw name="Get Cfg Data" library="config">
<var>${CONFIGData}</var>
<arg>${FilePathCONFIG}</arg>
<msg timestamp="20231025 12:00:12.375" level="INFO">${CONFIGData} = {'PL_SET_1': {'country': 'PL', 'street_given': 'South Mall', 'street_index': 'South Mall', 'city_given': 'Cork'}, 'PL_SET_2': {'country': 'PL', 'street_given': 'Lawrence Grove', 'street_index': 'Lawre...</msg>
<status status="PASS" starttime="20231025 12:00:12.373" endtime="20231025 12:00:12.375"/>
</kw>
<msg timestamp="20231025 12:00:12.375" level="INFO">&amp;{ADRDATA_TC} = { PL_SET_1={'country': 'PL', 'street_given': 'South Mall', 'street_index': 'South Mall', 'city_given': 'Cork'} | PL_SET_2={'country': 'PL', 'street_given': 'Lawrence Grove', 'street_index': 'Lawrence ...</msg>
<status status="PASS" starttime="20231025 12:00:12.372" endtime="20231025 12:00:12.375"/>
</kw>
<kw name="Set Test Variable" library="BuiltIn">
<arg>&amp;{ADRDATA_TC}</arg>
<doc>Makes a variable available everywhere within the scope of the current test.</doc>
<msg timestamp="20231025 12:00:12.376" level="INFO">&amp;{ADRDATA_TC} = { PL_SET_1={'country': 'PL', 'street_given': 'South Mall', 'street_index': 'South Mall', 'city_given': 'Cork'} | PL_SET_2={'country': 'PL', 'street_given': 'Lawrence Grove', 'street_index': 'Lawrence ...</msg>
<status status="PASS" starttime="20231025 12:00:12.375" endtime="20231025 12:00:12.376"/>
</kw>
<status status="PASS" starttime="20231025 12:00:12.371" endtime="20231025 12:00:12.376"/>
</kw>
<kw name="Evaluate" library="BuiltIn">
<var>${NMBR}</var>
<arg>random.randint(1, 5)</arg>
<doc>Evaluates the given expression in Python and returns the result.</doc>
<msg timestamp="20231025 12:00:12.377" level="INFO">${NMBR} = 1</msg>
<status status="PASS" starttime="20231025 12:00:12.376" endtime="20231025 12:00:12.377"/>
</kw>
<kw name="Format String" library="String">
<var>${Profile}</var>
<arg>${country}_SET_${NMBR}</arg>
<doc>Formats a ``template`` using the given ``positional`` and ``named`` arguments.</doc>
<msg timestamp="20231025 12:00:12.377" level="INFO">${Profile} = PL_SET_1</msg>
<status status="PASS" starttime="20231025 12:00:12.377" endtime="20231025 12:00:12.377"/>
</kw>
<msg timestamp="20231025 12:00:12.378" level="INFO">${per_str} = {'country': 'PL', 'street_given': 'South Mall', 'street_index': 'South Mall', 'city_given': 'Cork'}</msg>
<status status="PASS" starttime="20231025 12:00:12.368" endtime="20231025 12:00:12.378"/>
</kw>
<kw name="Clear Element Text" library="SeleniumLibrary">
<arg>xpath=${ESO_ACC_LOC.SER_ADR}</arg>
<doc>Clears the value of the text-input-element identified by ``locator``.</doc>
<status status="PASS" starttime="20231025 12:00:12.378" endtime="20231025 12:00:12.491"/>
</kw>
<kw name="Press Keys" library="SeleniumLibrary">
<arg>xpath=${ESO_ACC_LOC.SER_ADR}</arg>
<arg>${per_str.street_given}</arg>
<doc>Simulates the user pressing key(s) to an element or on the active browser.</doc>
<msg timestamp="20231025 12:00:12.493" level="INFO">Sending key(s) ('South Mall',) to xpath=//label[contains(text(),'Address Search')]/parent::span/following::div[2]/descendant::input[1] element.</msg>
<msg timestamp="20231025 12:00:12.854" level="INFO">Sending keys South Mall</msg>
<status status="PASS" starttime="20231025 12:00:12.491" endtime="20231025 12:00:13.099"/>
</kw>
<kw name="Sleep" library="BuiltIn">
<arg>4s</arg>
<doc>Pauses the test executed for the given time.</doc>
<msg timestamp="20231025 12:00:17.100" level="INFO">Slept 4 seconds</msg>
<status status="PASS" starttime="20231025 12:00:13.099" endtime="20231025 12:00:17.101"/>
</kw>
<kw name="Evaluate" library="BuiltIn">
<var>${NMBR}</var>
<arg>random.randint(1, 2)</arg>
<doc>Evaluates the given expression in Python and returns the result.</doc>
<msg timestamp="20231025 12:00:17.102" level="INFO">${NMBR} = 2</msg>
<status status="PASS" starttime="20231025 12:00:17.101" endtime="20231025 12:00:17.102"/>
</kw>
<kw name="Sleep" library="BuiltIn">
<arg>10s</arg>
<doc>Pauses the test executed for the given time.</doc>
<msg timestamp="20231025 12:00:27.128" level="INFO">Slept 10 seconds</msg>
<status status="PASS" starttime="20231025 12:00:17.103" endtime="20231025 12:00:27.128"/>
</kw>
<kw name="Press Keys" library="SeleniumLibrary">
<arg>xpath=(//span[contains(text(),'${per_str.street_given}')])[${NMBR}]</arg>
<arg>ENTER</arg>
<doc>Simulates the user pressing key(s) to an element or on the active browser.</doc>
<msg timestamp="20231025 12:00:27.143" level="INFO">Sending key(s) ('ENTER',) to xpath=(//span[contains(text(),'South Mall')])[2] element.</msg>
<msg timestamp="20231025 12:00:27.414" level="INFO" html="true">&lt;/td&gt;&lt;/tr&gt;&lt;tr&gt;&lt;td colspan="3"&gt;&lt;a href="selenium-screenshot-69.png"&gt;&lt;img src="selenium-screenshot-69.png" width="800px"&gt;&lt;/a&gt;</msg>
<msg timestamp="20231025 12:00:27.414" level="FAIL">Element with locator 'xpath=(//span[contains(text(),'South Mall')])[2]' not found.</msg>
<status status="FAIL" starttime="20231025 12:00:27.129" endtime="20231025 12:00:27.415"/>
</kw>
<kw name="Sleep" library="BuiltIn">
<arg>10s</arg>
<doc>Pauses the test executed for the given time.</doc>
<status status="NOT RUN" starttime="20231025 12:00:27.415" endtime="20231025 12:00:27.415"/>
</kw>
<status status="FAIL" starttime="20231025 12:00:12.366" endtime="20231025 12:00:27.415"/>
</kw>
<kw name="Search and set the address" library="Salesforce_WEB_account">
<arg>${address_data}</arg>
<kw name="Get an address set" library="DataManager">
<var>${per_str}</var>
<arg>${addressdata}</arg>
<kw name="Get From Dictionary" library="Collections">
<var>${country}</var>
<arg>${ADRDATA.${testdata}}</arg>
<arg>country</arg>
<doc>Returns a value from the given ``dictionary`` based on the given ``key``.</doc>
<msg timestamp="20231025 12:00:30.416" level="INFO">${country} = PL</msg>
<status status="PASS" starttime="20231025 12:00:30.415" endtime="20231025 12:00:30.416"/>
</kw>
<kw name="Log" library="BuiltIn">
<arg>${country}</arg>
<doc>Logs the given message with the given level.</doc>
<msg timestamp="20231025 12:00:30.416" level="INFO">PL</msg>
<status status="PASS" starttime="20231025 12:00:30.416" endtime="20231025 12:00:30.416"/>
</kw>
<kw name="Get test address data" library="DataManager">
<arg>${TD_ADR.${country}}</arg>
<kw name="Get CONFIG Test data" library="DataManager">
<var>&amp;{ADRDATA_TC}</var>
<arg>${TestDataPath}</arg>
<kw name="Get Cfg Data" library="config">
<var>${CONFIGData}</var>
<arg>${FilePathCONFIG}</arg>
<msg timestamp="20231025 12:00:30.433" level="INFO">${CONFIGData} = {'PL_SET_1': {'country': 'PL', 'street_given': 'South Mall', 'street_index': 'South Mall', 'city_given': 'Cork'}, 'PL_SET_2': {'country': 'PL', 'street_given': 'Lawrence Grove', 'street_index': 'Lawre...</msg>
<status status="PASS" starttime="20231025 12:00:30.417" endtime="20231025 12:00:30.433"/>
</kw>
<msg timestamp="20231025 12:00:30.433" level="INFO">&amp;{ADRDATA_TC} = { PL_SET_1={'country': 'PL', 'street_given': 'South Mall', 'street_index': 'South Mall', 'city_given': 'Cork'} | PL_SET_2={'country': 'PL', 'street_given': 'Lawrence Grove', 'street_index': 'Lawrence ...</msg>
<status status="PASS" starttime="20231025 12:00:30.417" endtime="20231025 12:00:30.433"/>
</kw>
<kw name="Set Test Variable" library="BuiltIn">
<arg>&amp;{ADRDATA_TC}</arg>
<doc>Makes a variable available everywhere within the scope of the current test.</doc>
<msg timestamp="20231025 12:00:30.434" level="INFO">&amp;{ADRDATA_TC} = { PL_SET_1={'country': 'PL', 'street_given': 'South Mall', 'street_index': 'South Mall', 'city_given': 'Cork'} | PL_SET_2={'country': 'PL', 'street_given': 'Lawrence Grove', 'street_index': 'Lawrence ...</msg>
<status status="PASS" starttime="20231025 12:00:30.433" endtime="20231025 12:00:30.434"/>
</kw>
<status status="PASS" starttime="20231025 12:00:30.416" endtime="20231025 12:00:30.434"/>
</kw>
<kw name="Evaluate" library="BuiltIn">
<var>${NMBR}</var>
<arg>random.randint(1, 5)</arg>
<doc>Evaluates the given expression in Python and returns the result.</doc>
<msg timestamp="20231025 12:00:30.434" level="INFO">${NMBR} = 3</msg>
<status status="PASS" starttime="20231025 12:00:30.434" endtime="20231025 12:00:30.434"/>
</kw>
<kw name="Format String" library="String">
<var>${Profile}</var>
<arg>${country}_SET_${NMBR}</arg>
<doc>Formats a ``template`` using the given ``positional`` and ``named`` arguments.</doc>
<msg timestamp="20231025 12:00:30.435" level="INFO">${Profile} = PL_SET_3</msg>
<status status="PASS" starttime="20231025 12:00:30.435" endtime="20231025 12:00:30.435"/>
</kw>
<msg timestamp="20231025 12:00:30.435" level="INFO">${per_str} = {'country': 'PL', 'street_given': 'Wellington Quay', 'street_index': 'Wellington', 'city_given': 'New Ross'}</msg>
<status status="PASS" starttime="20231025 12:00:30.415" endtime="20231025 12:00:30.435"/>
</kw>
<kw name="Clear Element Text" library="SeleniumLibrary">
<arg>xpath=${ESO_ACC_LOC.SER_ADR}</arg>
<doc>Clears the value of the text-input-element identified by ``locator``.</doc>
<status status="PASS" starttime="20231025 12:00:30.436" endtime="20231025 12:00:30.502"/>
</kw>
<kw name="Press Keys" library="SeleniumLibrary">
<arg>xpath=${ESO_ACC_LOC.SER_ADR}</arg>
<arg>${per_str.street_given}</arg>
<doc>Simulates the user pressing key(s) to an element or on the active browser.</doc>
<msg timestamp="20231025 12:00:30.504" level="INFO">Sending key(s) ('Wellington Quay',) to xpath=//label[contains(text(),'Address Search')]/parent::span/following::div[2]/descendant::input[1] element.</msg>
<msg timestamp="20231025 12:00:30.826" level="INFO">Sending keys Wellington Quay</msg>
<status status="PASS" starttime="20231025 12:00:30.502" endtime="20231025 12:00:31.277"/>
</kw>
<kw name="Sleep" library="BuiltIn">
<arg>4s</arg>
<doc>Pauses the test executed for the given time.</doc>
<msg timestamp="20231025 12:00:35.279" level="INFO">Slept 4 seconds</msg>
<status status="PASS" starttime="20231025 12:00:31.278" endtime="20231025 12:00:35.279"/>
</kw>
<kw name="Evaluate" library="BuiltIn">
<var>${NMBR}</var>
<arg>random.randint(1, 2)</arg>
<doc>Evaluates the given expression in Python and returns the result.</doc>
<msg timestamp="20231025 12:00:35.280" level="INFO">${NMBR} = 2</msg>
<status status="PASS" starttime="20231025 12:00:35.280" endtime="20231025 12:00:35.280"/>
</kw>
<kw name="Sleep" library="BuiltIn">
<arg>10s</arg>
<doc>Pauses the test executed for the given time.</doc>
<msg timestamp="20231025 12:00:45.281" level="INFO">Slept 10 seconds</msg>
<status status="PASS" starttime="20231025 12:00:35.281" endtime="20231025 12:00:45.281"/>
</kw>
<kw name="Press Keys" library="SeleniumLibrary">
<arg>xpath=(//span[contains(text(),'${per_str.street_given}')])[${NMBR}]</arg>
<arg>ENTER</arg>
<doc>Simulates the user pressing key(s) to an element or on the active browser.</doc>
<msg timestamp="20231025 12:00:45.284" level="INFO">Sending key(s) ('ENTER',) to xpath=(//span[contains(text(),'Wellington Quay')])[2] element.</msg>
<msg timestamp="20231025 12:00:45.611" level="INFO" html="true">&lt;/td&gt;&lt;/tr&gt;&lt;tr&gt;&lt;td colspan="3"&gt;&lt;a href="selenium-screenshot-70.png"&gt;&lt;img src="selenium-screenshot-70.png" width="800px"&gt;&lt;/a&gt;</msg>
<msg timestamp="20231025 12:00:45.611" level="FAIL">Element with locator 'xpath=(//span[contains(text(),'Wellington Quay')])[2]' not found.</msg>
<status status="FAIL" starttime="20231025 12:00:45.281" endtime="20231025 12:00:45.612"/>
</kw>
<kw name="Sleep" library="BuiltIn">
<arg>10s</arg>
<doc>Pauses the test executed for the given time.</doc>
<status status="NOT RUN" starttime="20231025 12:00:45.612" endtime="20231025 12:00:45.612"/>
</kw>
<status status="FAIL" starttime="20231025 12:00:30.415" endtime="20231025 12:00:45.612"/>
</kw>
<kw name="Search and set the address" library="Salesforce_WEB_account">
<arg>${address_data}</arg>
<kw name="Get an address set" library="DataManager">
<var>${per_str}</var>
<arg>${addressdata}</arg>
<kw name="Get From Dictionary" library="Collections">
<var>${country}</var>
<arg>${ADRDATA.${testdata}}</arg>
<arg>country</arg>
<doc>Returns a value from the given ``dictionary`` based on the given ``key``.</doc>
<msg timestamp="20231025 12:00:48.613" level="INFO">${country} = PL</msg>
<status status="PASS" starttime="20231025 12:00:48.612" endtime="20231025 12:00:48.613"/>
</kw>
<kw name="Log" library="BuiltIn">
<arg>${country}</arg>
<doc>Logs the given message with the given level.</doc>
<msg timestamp="20231025 12:00:48.613" level="INFO">PL</msg>
<status status="PASS" starttime="20231025 12:00:48.613" endtime="20231025 12:00:48.613"/>
</kw>
<kw name="Get test address data" library="DataManager">
<arg>${TD_ADR.${country}}</arg>
<kw name="Get CONFIG Test data" library="DataManager">
<var>&amp;{ADRDATA_TC}</var>
<arg>${TestDataPath}</arg>
<kw name="Get Cfg Data" library="config">
<var>${CONFIGData}</var>
<arg>${FilePathCONFIG}</arg>
<msg timestamp="20231025 12:00:48.617" level="INFO">${CONFIGData} = {'PL_SET_1': {'country': 'PL', 'street_given': 'South Mall', 'street_index': 'South Mall', 'city_given': 'Cork'}, 'PL_SET_2': {'country': 'PL', 'street_given': 'Lawrence Grove', 'street_index': 'Lawre...</msg>
<status status="PASS" starttime="20231025 12:00:48.615" endtime="20231025 12:00:48.617"/>
</kw>
<msg timestamp="20231025 12:00:48.617" level="INFO">&amp;{ADRDATA_TC} = { PL_SET_1={'country': 'PL', 'street_given': 'South Mall', 'street_index': 'South Mall', 'city_given': 'Cork'} | PL_SET_2={'country': 'PL', 'street_given': 'Lawrence Grove', 'street_index': 'Lawrence ...</msg>
<status status="PASS" starttime="20231025 12:00:48.615" endtime="20231025 12:00:48.617"/>
</kw>
<kw name="Set Test Variable" library="BuiltIn">
<arg>&amp;{ADRDATA_TC}</arg>
<doc>Makes a variable available everywhere within the scope of the current test.</doc>
<msg timestamp="20231025 12:00:48.618" level="INFO">&amp;{ADRDATA_TC} = { PL_SET_1={'country': 'PL', 'street_given': 'South Mall', 'street_index': 'South Mall', 'city_given': 'Cork'} | PL_SET_2={'country': 'PL', 'street_given': 'Lawrence Grove', 'street_index': 'Lawrence ...</msg>
<status status="PASS" starttime="20231025 12:00:48.618" endtime="20231025 12:00:48.618"/>
</kw>
<status status="PASS" starttime="20231025 12:00:48.614" endtime="20231025 12:00:48.618"/>
</kw>
<kw name="Evaluate" library="BuiltIn">
<var>${NMBR}</var>
<arg>random.randint(1, 5)</arg>
<doc>Evaluates the given expression in Python and returns the result.</doc>
<msg timestamp="20231025 12:00:48.619" level="INFO">${NMBR} = 1</msg>
<status status="PASS" starttime="20231025 12:00:48.618" endtime="20231025 12:00:48.619"/>
</kw>
<kw name="Format String" library="String">
<var>${Profile}</var>
<arg>${country}_SET_${NMBR}</arg>
<doc>Formats a ``template`` using the given ``positional`` and ``named`` arguments.</doc>
<msg timestamp="20231025 12:00:48.619" level="INFO">${Profile} = PL_SET_1</msg>
<status status="PASS" starttime="20231025 12:00:48.619" endtime="20231025 12:00:48.620"/>
</kw>
<msg timestamp="20231025 12:00:48.620" level="INFO">${per_str} = {'country': 'PL', 'street_given': 'South Mall', 'street_index': 'South Mall', 'city_given': 'Cork'}</msg>
<status status="PASS" starttime="20231025 12:00:48.612" endtime="20231025 12:00:48.620"/>
</kw>
<kw name="Clear Element Text" library="SeleniumLibrary">
<arg>xpath=${ESO_ACC_LOC.SER_ADR}</arg>
<doc>Clears the value of the text-input-element identified by ``locator``.</doc>
<status status="PASS" starttime="20231025 12:00:48.621" endtime="20231025 12:00:48.679"/>
</kw>
<kw name="Press Keys" library="SeleniumLibrary">
<arg>xpath=${ESO_ACC_LOC.SER_ADR}</arg>
<arg>${per_str.street_given}</arg>
<doc>Simulates the user pressing key(s) to an element or on the active browser.</doc>
<msg timestamp="20231025 12:00:48.680" level="INFO">Sending key(s) ('South Mall',) to xpath=//label[contains(text(),'Address Search')]/parent::span/following::div[2]/descendant::input[1] element.</msg>
<msg timestamp="20231025 12:00:49.017" level="INFO">Sending keys South Mall</msg>
<status status="PASS" starttime="20231025 12:00:48.679" endtime="20231025 12:00:49.168"/>
</kw>
<kw name="Sleep" library="BuiltIn">
<arg>4s</arg>
<doc>Pauses the test executed for the given time.</doc>
<msg timestamp="20231025 12:00:53.169" level="INFO">Slept 4 seconds</msg>
<status status="PASS" starttime="20231025 12:00:49.168" endtime="20231025 12:00:53.169"/>
</kw>
<kw name="Evaluate" library="BuiltIn">
<var>${NMBR}</var>
<arg>random.randint(1, 2)</arg>
<doc>Evaluates the given expression in Python and returns the result.</doc>
<msg timestamp="20231025 12:00:53.170" level="INFO">${NMBR} = 1</msg>
<status status="PASS" starttime="20231025 12:00:53.169" endtime="20231025 12:00:53.170"/>
</kw>
<kw name="Sleep" library="BuiltIn">
<arg>10s</arg>
<doc>Pauses the test executed for the given time.</doc>
<msg timestamp="20231025 12:01:03.171" level="INFO">Slept 10 seconds</msg>
<status status="PASS" starttime="20231025 12:00:53.170" endtime="20231025 12:01:03.171"/>
</kw>
<kw name="Press Keys" library="SeleniumLibrary">
<arg>xpath=(//span[contains(text(),'${per_str.street_given}')])[${NMBR}]</arg>
<arg>ENTER</arg>
<doc>Simulates the user pressing key(s) to an element or on the active browser.</doc>
<msg timestamp="20231025 12:01:03.174" level="INFO">Sending key(s) ('ENTER',) to xpath=(//span[contains(text(),'South Mall')])[1] element.</msg>
<msg timestamp="20231025 12:01:03.405" level="INFO" html="true">&lt;/td&gt;&lt;/tr&gt;&lt;tr&gt;&lt;td colspan="3"&gt;&lt;a href="selenium-screenshot-71.png"&gt;&lt;img src="selenium-screenshot-71.png" width="800px"&gt;&lt;/a&gt;</msg>
<msg timestamp="20231025 12:01:03.405" level="FAIL">Element with locator 'xpath=(//span[contains(text(),'South Mall')])[1]' not found.</msg>
<status status="FAIL" starttime="20231025 12:01:03.171" endtime="20231025 12:01:03.406"/>
</kw>
<kw name="Sleep" library="BuiltIn">
<arg>10s</arg>
<doc>Pauses the test executed for the given time.</doc>
<status status="NOT RUN" starttime="20231025 12:01:03.406" endtime="20231025 12:01:03.406"/>
</kw>
<status status="FAIL" starttime="20231025 12:00:48.612" endtime="20231025 12:01:03.406"/>
</kw>
<kw name="Search and set the address" library="Salesforce_WEB_account">
<arg>${address_data}</arg>
<kw name="Get an address set" library="DataManager">
<var>${per_str}</var>
<arg>${addressdata}</arg>
<kw name="Get From Dictionary" library="Collections">
<var>${country}</var>
<arg>${ADRDATA.${testdata}}</arg>
<arg>country</arg>
<doc>Returns a value from the given ``dictionary`` based on the given ``key``.</doc>
<msg timestamp="20231025 12:01:06.409" level="INFO">${country} = PL</msg>
<status status="PASS" starttime="20231025 12:01:06.408" endtime="20231025 12:01:06.409"/>
</kw>
<kw name="Log" library="BuiltIn">
<arg>${country}</arg>
<doc>Logs the given message with the given level.</doc>
<msg timestamp="20231025 12:01:06.410" level="INFO">PL</msg>
<status status="PASS" starttime="20231025 12:01:06.410" endtime="20231025 12:01:06.410"/>
</kw>
<kw name="Get test address data" library="DataManager">
<arg>${TD_ADR.${country}}</arg>
<kw name="Get CONFIG Test data" library="DataManager">
<var>&amp;{ADRDATA_TC}</var>
<arg>${TestDataPath}</arg>
<kw name="Get Cfg Data" library="config">
<var>${CONFIGData}</var>
<arg>${FilePathCONFIG}</arg>
<msg timestamp="20231025 12:01:06.416" level="INFO">${CONFIGData} = {'PL_SET_1': {'country': 'PL', 'street_given': 'South Mall', 'street_index': 'South Mall', 'city_given': 'Cork'}, 'PL_SET_2': {'country': 'PL', 'street_given': 'Lawrence Grove', 'street_index': 'Lawre...</msg>
<status status="PASS" starttime="20231025 12:01:06.414" endtime="20231025 12:01:06.417"/>
</kw>
<msg timestamp="20231025 12:01:06.417" level="INFO">&amp;{ADRDATA_TC} = { PL_SET_1={'country': 'PL', 'street_given': 'South Mall', 'street_index': 'South Mall', 'city_given': 'Cork'} | PL_SET_2={'country': 'PL', 'street_given': 'Lawrence Grove', 'street_index': 'Lawrence ...</msg>
<status status="PASS" starttime="20231025 12:01:06.413" endtime="20231025 12:01:06.417"/>
</kw>
<kw name="Set Test Variable" library="BuiltIn">
<arg>&amp;{ADRDATA_TC}</arg>
<doc>Makes a variable available everywhere within the scope of the current test.</doc>
<msg timestamp="20231025 12:01:06.419" level="INFO">&amp;{ADRDATA_TC} = { PL_SET_1={'country': 'PL', 'street_given': 'South Mall', 'street_index': 'South Mall', 'city_given': 'Cork'} | PL_SET_2={'country': 'PL', 'street_given': 'Lawrence Grove', 'street_index': 'Lawrence ...</msg>
<status status="PASS" starttime="20231025 12:01:06.418" endtime="20231025 12:01:06.419"/>
</kw>
<status status="PASS" starttime="20231025 12:01:06.410" endtime="20231025 12:01:06.419"/>
</kw>
<kw name="Evaluate" library="BuiltIn">
<var>${NMBR}</var>
<arg>random.randint(1, 5)</arg>
<doc>Evaluates the given expression in Python and returns the result.</doc>
<msg timestamp="20231025 12:01:06.421" level="INFO">${NMBR} = 5</msg>
<status status="PASS" starttime="20231025 12:01:06.420" endtime="20231025 12:01:06.421"/>
</kw>
<kw name="Format String" library="String">
<var>${Profile}</var>
<arg>${country}_SET_${NMBR}</arg>
<doc>Formats a ``template`` using the given ``positional`` and ``named`` arguments.</doc>
<msg timestamp="20231025 12:01:06.422" level="INFO">${Profile} = PL_SET_5</msg>
<status status="PASS" starttime="20231025 12:01:06.421" endtime="20231025 12:01:06.422"/>
</kw>
<msg timestamp="20231025 12:01:06.424" level="INFO">${per_str} = {'country': 'PL', 'street_given': 'Ul. Półwiejska', 'street_index': 'Ul. Półwiejska', 'city_given': 'Poznań'}</msg>
<status status="PASS" starttime="20231025 12:01:06.407" endtime="20231025 12:01:06.424"/>
</kw>
<kw name="Clear Element Text" library="SeleniumLibrary">
<arg>xpath=${ESO_ACC_LOC.SER_ADR}</arg>
<doc>Clears the value of the text-input-element identified by ``locator``.</doc>
<status status="PASS" starttime="20231025 12:01:06.424" endtime="20231025 12:01:06.605"/>
</kw>
<kw name="Press Keys" library="SeleniumLibrary">
<arg>xpath=${ESO_ACC_LOC.SER_ADR}</arg>
<arg>${per_str.street_given}</arg>
<doc>Simulates the user pressing key(s) to an element or on the active browser.</doc>
<msg timestamp="20231025 12:01:06.609" level="INFO">Sending key(s) ('Ul. Półwiejska',) to xpath=//label[contains(text(),'Address Search')]/parent::span/following::div[2]/descendant::input[1] element.</msg>
<msg timestamp="20231025 12:01:07.004" level="INFO">Sending keys Ul. Półwiejska</msg>
<status status="PASS" starttime="20231025 12:01:06.606" endtime="20231025 12:01:07.491"/>
</kw>
<kw name="Sleep" library="BuiltIn">
<arg>4s</arg>
<doc>Pauses the test executed for the given time.</doc>
<msg timestamp="20231025 12:01:11.493" level="INFO">Slept 4 seconds</msg>
<status status="PASS" starttime="20231025 12:01:07.492" endtime="20231025 12:01:11.493"/>
</kw>
<kw name="Evaluate" library="BuiltIn">
<var>${NMBR}</var>
<arg>random.randint(1, 2)</arg>
<doc>Evaluates the given expression in Python and returns the result.</doc>
<msg timestamp="20231025 12:01:11.494" level="INFO">${NMBR} = 2</msg>
<status status="PASS" starttime="20231025 12:01:11.494" endtime="20231025 12:01:11.495"/>
</kw>
<kw name="Sleep" library="BuiltIn">
<arg>10s</arg>
<doc>Pauses the test executed for the given time.</doc>
<msg timestamp="20231025 12:01:21.495" level="INFO">Slept 10 seconds</msg>
<status status="PASS" starttime="20231025 12:01:11.495" endtime="20231025 12:01:21.495"/>
</kw>
<kw name="Press Keys" library="SeleniumLibrary">
<arg>xpath=(//span[contains(text(),'${per_str.street_given}')])[${NMBR}]</arg>
<arg>ENTER</arg>
<doc>Simulates the user pressing key(s) to an element or on the active browser.</doc>
<msg timestamp="20231025 12:01:21.499" level="INFO">Sending key(s) ('ENTER',) to xpath=(//span[contains(text(),'Ul. Półwiejska')])[2] element.</msg>
<msg timestamp="20231025 12:01:21.972" level="INFO">Pressing special key ENTER to element.</msg>
<msg timestamp="20231025 12:01:21.972" level="INFO">Releasing special key ENTER.</msg>
<status status="PASS" starttime="20231025 12:01:21.496" endtime="20231025 12:01:21.998"/>
</kw>
<kw name="Sleep" library="BuiltIn">
<arg>10s</arg>
<doc>Pauses the test executed for the given time.</doc>
<msg timestamp="20231025 12:01:31.999" level="INFO">Slept 10 seconds</msg>
<status status="PASS" starttime="20231025 12:01:21.998" endtime="20231025 12:01:31.999"/>
</kw>
<status status="PASS" starttime="20231025 12:01:06.406" endtime="20231025 12:01:32.000"/>
</kw>
<status status="PASS" starttime="20231025 11:59:00.109" endtime="20231025 12:01:32.000"/>
</kw>
<kw name="Save the account" library="Salesforce_WEB_account">
<kw name="Click Element" library="SeleniumLibrary">
<arg>xpath=${ESO_ACC_LOC.ACC_SAV}</arg>
<doc>Click the element identified by ``locator``.</doc>
<msg timestamp="20231025 12:01:32.003" level="INFO">Clicking element 'xpath=//button[contains(text(),'Save')]'.</msg>
<status status="PASS" starttime="20231025 12:01:32.001" endtime="20231025 12:01:32.114"/>
</kw>
<status status="PASS" starttime="20231025 12:01:32.000" endtime="20231025 12:01:32.114"/>
</kw>
<kw name="Sleep" library="BuiltIn">
<arg>10s</arg>
<doc>Pauses the test executed for the given time.</doc>
<msg timestamp="20231025 12:01:42.114" level="INFO">Slept 10 seconds</msg>
<status status="PASS" starttime="20231025 12:01:32.114" endtime="20231025 12:01:42.114"/>
</kw>
<status status="PASS" starttime="20231025 11:58:34.005" endtime="20231025 12:01:42.114"/>
</iter>
<iter>
<var name="${index}">2</var>
<kw name="Navigate to recent account page" library="Salesforce_WEB_account">
<arg>${address_data}</arg>
<kw name="Get From Dictionary" library="Collections">
<var>${country}</var>
<arg>${ADRDATA.${address_data}}</arg>
<arg>country</arg>
<doc>Returns a value from the given ``dictionary`` based on the given ``key``.</doc>
<msg timestamp="20231025 12:01:42.117" level="INFO">${country} = PL</msg>
<status status="PASS" starttime="20231025 12:01:42.115" endtime="20231025 12:01:42.117"/>
</kw>
<kw name="Set Variable" library="BuiltIn">
<var>${home_url}</var>
<arg>${Base_Url.ESOSF_${country}}</arg>
<doc>Returns the given values which can then be assigned to a variables.</doc>
<msg timestamp="20231025 12:01:42.119" level="INFO">${home_url} = https://rsp-dev-xx--esointpl.sandbox.my.salesforce.com</msg>
<status status="PASS" starttime="20231025 12:01:42.117" endtime="20231025 12:01:42.119"/>
</kw>
<kw name="Set Variable" library="BuiltIn">
<var>${pre_srt}</var>
<arg>${Acccr_Url.ESOAC_${country}}</arg>
<doc>Returns the given values which can then be assigned to a variables.</doc>
<msg timestamp="20231025 12:01:42.121" level="INFO">${pre_srt} = lightning/o/Account/list?filterName=Recent</msg>
<status status="PASS" starttime="20231025 12:01:42.119" endtime="20231025 12:01:42.121"/>
</kw>
<kw name="Set Variable" library="BuiltIn">
<var>${new_url}</var>
<arg>${home_url}/${pre_srt}</arg>
<doc>Returns the given values which can then be assigned to a variables.</doc>
<msg timestamp="20231025 12:01:42.122" level="INFO">${new_url} = https://rsp-dev-xx--esointpl.sandbox.my.salesforce.com/lightning/o/Account/list?filterName=Recent</msg>
<status status="PASS" starttime="20231025 12:01:42.121" endtime="20231025 12:01:42.122"/>
</kw>
<kw name="Log" library="BuiltIn">
<arg>${new_url}</arg>
<doc>Logs the given message with the given level.</doc>
<msg timestamp="20231025 12:01:42.122" level="INFO">https://rsp-dev-xx--esointpl.sandbox.my.salesforce.com/lightning/o/Account/list?filterName=Recent</msg>
<status status="PASS" starttime="20231025 12:01:42.122" endtime="20231025 12:01:42.122"/>
</kw>
<kw name="Go To" library="SeleniumLibrary">
<arg>${new_url}</arg>
<doc>Navigates the current browser window to the provided ``url``.</doc>
<msg timestamp="20231025 12:01:42.123" level="INFO">Opening url 'https://rsp-dev-xx--esointpl.sandbox.my.salesforce.com/lightning/o/Account/list?filterName=Recent'</msg>
<status status="PASS" starttime="20231025 12:01:42.123" endtime="20231025 12:01:43.115"/>
</kw>
<status status="PASS" starttime="20231025 12:01:42.115" endtime="20231025 12:01:43.115"/>
</kw>
<kw name="Navigate to account creation page" library="Salesforce_WEB_account">
<kw name="Sleep" library="BuiltIn">
<arg>10s</arg>
<doc>Pauses the test executed for the given time.</doc>
<msg timestamp="20231025 12:01:53.117" level="INFO">Slept 10 seconds</msg>
<status status="PASS" starttime="20231025 12:01:43.116" endtime="20231025 12:01:53.117"/>
</kw>
<kw name="Click Element" library="SeleniumLibrary">
<arg>xpath=${ESO_ACC_LOC.ACC_NEW}</arg>
<doc>Click the element identified by ``locator``.</doc>
<msg timestamp="20231025 12:01:53.120" level="INFO">Clicking element 'xpath=//div[contains(text(),'New')]'.</msg>
<msg timestamp="20231025 12:01:53.139" level="WARN">Keyword 'Capture Page Screenshot' could not be run on failure: Message: no such window: target window already closed
from unknown error: web view not found
  (Session info: chrome=118.0.5993.89)
Stacktrace:
	GetHandleVerifier [0x00007FF7F97F7892+54818]
	(No symbol) [0x00007FF7F9766AC2]
	(No symbol) [0x00007FF7F961DA3B]
	(No symbol) [0x00007FF7F95FDEE8]
	(No symbol) [0x00007FF7F9683237]
	(No symbol) [0x00007FF7F9696C6F]
	(No symbol) [0x00007FF7F967E883]
	(No symbol) [0x00007FF7F9653691]
	(No symbol) [0x00007FF7F96548D4]
	GetHandleVerifier [0x00007FF7F9B5B992+3610402]
	GetHandleVerifier [0x00007FF7F9BB1860+3962352]
	GetHandleVerifier [0x00007FF7F9BA9D4F+3930847]
	GetHandleVerifier [0x00007FF7F9893646+693206]
	(No symbol) [0x00007FF7F9771628]
	(No symbol) [0x00007FF7F976D934]
	(No symbol) [0x00007FF7F976DA62]
	(No symbol) [0x00007FF7F975E113]
	BaseThreadInitThunk [0x00007FFD0149257D+29]
	RtlUserThreadStart [0x00007FFD01DAAA78+40]
</msg>
<msg timestamp="20231025 12:01:53.144" level="FAIL">NoSuchWindowException: Message: no such window: target window already closed
from unknown error: web view not found
  (Session info: chrome=118.0.5993.89)
Stacktrace:
	GetHandleVerifier [0x00007FF7F97F7892+54818]
	(No symbol) [0x00007FF7F9766AC2]
	(No symbol) [0x00007FF7F961DA3B]
	(No symbol) [0x00007FF7F95FDEE8]
	(No symbol) [0x00007FF7F9683237]
	(No symbol) [0x00007FF7F9696C6F]
	(No symbol) [0x00007FF7F967E883]
	(No symbol) [0x00007FF7F9653691]
	(No symbol) [0x00007FF7F96548D4]
	GetHandleVerifier [0x00007FF7F9B5B992+3610402]
	GetHandleVerifier [0x00007FF7F9BB1860+3962352]
	GetHandleVerifier [0x00007FF7F9BA9D4F+3930847]
	GetHandleVerifier [0x00007FF7F9893646+693206]
	(No symbol) [0x00007FF7F9771628]
	(No symbol) [0x00007FF7F976D934]
	(No symbol) [0x00007FF7F976DA62]
	(No symbol) [0x00007FF7F975E113]
	BaseThreadInitThunk [0x00007FFD0149257D+29]
	RtlUserThreadStart [0x00007FFD01DAAA78+40]
</msg>
<status status="FAIL" starttime="20231025 12:01:53.118" endtime="20231025 12:01:53.152"/>
</kw>
<kw name="Wait Until Element Is Visible" library="SeleniumLibrary">
<arg>xpath=${ESO_ACC_LOC.NEW_PER}</arg>
<arg>10s</arg>
<doc>Waits until the element ``locator`` is visible.</doc>
<status status="NOT RUN" starttime="20231025 12:01:53.152" endtime="20231025 12:01:53.153"/>
</kw>
<kw name="Click Element" library="SeleniumLibrary">
<arg>xpath=${ESO_ACC_LOC.NEW_PER}</arg>
<doc>Click the element identified by ``locator``.</doc>
<status status="NOT RUN" starttime="20231025 12:01:53.153" endtime="20231025 12:01:53.153"/>
</kw>
<kw name="Wait Until Element Is Visible" library="SeleniumLibrary">
<arg>xpath=${ESO_ACC_LOC.ACC_NEXT}</arg>
<arg>10s</arg>
<doc>Waits until the element ``locator`` is visible.</doc>
<status status="NOT RUN" starttime="20231025 12:01:53.153" endtime="20231025 12:01:53.153"/>
</kw>
<kw name="Click Element" library="SeleniumLibrary">
<arg>xpath=${ESO_ACC_LOC.ACC_NEXT}</arg>
<doc>Click the element identified by ``locator``.</doc>
<status status="NOT RUN" starttime="20231025 12:01:53.154" endtime="20231025 12:01:53.154"/>
</kw>
<kw name="Sleep" library="BuiltIn">
<arg>5s</arg>
<doc>Pauses the test executed for the given time.</doc>
<status status="NOT RUN" starttime="20231025 12:01:53.154" endtime="20231025 12:01:53.154"/>
</kw>
<kw name="Wait Until Element Is Visible" library="SeleniumLibrary">
<arg>xpath=${ESO_ACC_LOC.MOB}</arg>
<arg>10s</arg>
<doc>Waits until the element ``locator`` is visible.</doc>
<status status="NOT RUN" starttime="20231025 12:01:53.154" endtime="20231025 12:01:53.154"/>
</kw>
<status status="FAIL" starttime="20231025 12:01:43.115" endtime="20231025 12:01:53.155"/>
</kw>
<kw name="First" library="random_names">
<var>${firstname}</var>
<arg>${fir_nm}</arg>
<status status="NOT RUN" starttime="20231025 12:01:53.155" endtime="20231025 12:01:53.155"/>
</kw>
<kw name="Last" library="random_names">
<var>${lastname}</var>
<arg>${lst_nm}</arg>
<status status="NOT RUN" starttime="20231025 12:01:53.155" endtime="20231025 12:01:53.155"/>
</kw>
<kw name="Set email for account" library="Salesforce_WEB_account">
<arg>${firstname}</arg>
<arg>${lastname}</arg>
<status status="NOT RUN" starttime="20231025 12:01:53.156" endtime="20231025 12:01:53.156"/>
</kw>
<kw name="set phone for account" library="Salesforce_WEB_account">
<status status="NOT RUN" starttime="20231025 12:01:53.156" endtime="20231025 12:01:53.156"/>
</kw>
<kw name="Set firstname for account" library="Salesforce_WEB_account">
<arg>${firstname}</arg>
<status status="NOT RUN" starttime="20231025 12:01:53.156" endtime="20231025 12:01:53.156"/>
</kw>
<kw name="Set lastname for account" library="Salesforce_WEB_account">
<arg>${lastname}</arg>
<status status="NOT RUN" starttime="20231025 12:01:53.157" endtime="20231025 12:01:53.157"/>
</kw>
<kw name="Scroll until the bottom of account creation page" library="Salesforce_WEB_account">
<status status="NOT RUN" starttime="20231025 12:01:53.157" endtime="20231025 12:01:53.157"/>
</kw>
<kw name="Sleep" library="BuiltIn">
<arg>3s</arg>
<doc>Pauses the test executed for the given time.</doc>
<status status="NOT RUN" starttime="20231025 12:01:53.157" endtime="20231025 12:01:53.157"/>
</kw>
<kw name="Set preferred address" library="Salesforce_WEB_account">
<status status="NOT RUN" starttime="20231025 12:01:53.157" endtime="20231025 12:01:53.158"/>
</kw>
<kw name="Wait Until Keyword Succeeds" library="BuiltIn">
<arg>10x</arg>
<arg>3000ms</arg>
<arg>Search and set the address</arg>
<arg>${address_data}</arg>
<doc>Runs the specified keyword and retries if it fails.</doc>
<status status="NOT RUN" starttime="20231025 12:01:53.158" endtime="20231025 12:01:53.158"/>
</kw>
<kw name="Save the account" library="Salesforce_WEB_account">
<status status="NOT RUN" starttime="20231025 12:01:53.158" endtime="20231025 12:01:53.158"/>
</kw>
<kw name="Sleep" library="BuiltIn">
<arg>10s</arg>
<doc>Pauses the test executed for the given time.</doc>
<status status="NOT RUN" starttime="20231025 12:01:53.158" endtime="20231025 12:01:53.158"/>
</kw>
<status status="FAIL" starttime="20231025 12:01:42.114" endtime="20231025 12:01:53.159"/>
</iter>
<status status="FAIL" starttime="20231025 11:58:34.005" endtime="20231025 12:01:53.159"/>
</for>
<status status="FAIL" starttime="20231025 11:58:34.002" endtime="20231025 12:01:53.159"/>
</kw>
<kw name="I close the browser" library="Common_WEB" type="TEARDOWN">
<kw name="Close Browser" library="SeleniumLibrary">
<doc>Closes the current browser.</doc>
<status status="PASS" starttime="20231025 12:01:53.162" endtime="20231025 12:01:55.587"/>
</kw>
<status status="PASS" starttime="20231025 12:01:53.161" endtime="20231025 12:01:55.587"/>
</kw>
<tag>GUI_POC</tag>
<status status="FAIL" starttime="20231025 11:58:12.824" endtime="20231025 12:01:55.588">NoSuchWindowException: Message: no such window: target window already closed
from unknown error: web view not found
  (Session info: chrome=118.0.5993.89)
Stacktrace:
	GetHandleVerifier [0x00007FF7F97F7892+54818]
	(No symbol) [0x00007FF7F9766AC2]
	(No symbol) [0x00007FF7F961DA3B]
	(No symbol) [0x00007FF7F95FDEE8]
	(No symbol) [0x00007FF7F9683237]
	(No symbol) [0x00007FF7F9696C6F]
	(No symbol) [0x00007FF7F967E883]
	(No symbol) [0x00007FF7F9653691]
	(No symbol) [0x00007FF7F96548D4]
	GetHandleVerifier [0x00007FF7F9B5B992+3610402]
	GetHandleVerifier [0x00007FF7F9BB1860+3962352]
	GetHandleVerifier [0x00007FF7F9BA9D4F+3930847]
	GetHandleVerifier [0x00007FF7F9893646+693206]
	(No symbol) [0x00007FF7F9771628]
	(No symbol) [0x00007FF7F976D934]
	(No symbol) [0x00007FF7F976DA62]
	(No symbol) [0x00007FF7F975E113]
	BaseThreadInitThunk [0x00007FFD0149257D+29]
	RtlUserThreadStart [0x00007FFD01DAAA78+40]
</status>
</test>
<status status="FAIL" starttime="20231025 11:58:12.362" endtime="20231025 12:01:55.594"/>
</suite>
<statistics>
<total>
<stat pass="0" fail="1" skip="0">All Tests</stat>
</total>
<tag>
<stat pass="0" fail="1" skip="0">GUI_POC</stat>
</tag>
<suite>
<stat pass="0" fail="1" skip="0" id="s1" name="Acc Creation PL">Acc Creation PL</stat>
</suite>
</statistics>
<errors>
<msg timestamp="20231025 12:01:53.139" level="WARN">Keyword 'Capture Page Screenshot' could not be run on failure: Message: no such window: target window already closed
from unknown error: web view not found
  (Session info: chrome=118.0.5993.89)
Stacktrace:
	GetHandleVerifier [0x00007FF7F97F7892+54818]
	(No symbol) [0x00007FF7F9766AC2]
	(No symbol) [0x00007FF7F961DA3B]
	(No symbol) [0x00007FF7F95FDEE8]
	(No symbol) [0x00007FF7F9683237]
	(No symbol) [0x00007FF7F9696C6F]
	(No symbol) [0x00007FF7F967E883]
	(No symbol) [0x00007FF7F9653691]
	(No symbol) [0x00007FF7F96548D4]
	GetHandleVerifier [0x00007FF7F9B5B992+3610402]
	GetHandleVerifier [0x00007FF7F9BB1860+3962352]
	GetHandleVerifier [0x00007FF7F9BA9D4F+3930847]
	GetHandleVerifier [0x00007FF7F9893646+693206]
	(No symbol) [0x00007FF7F9771628]
	(No symbol) [0x00007FF7F976D934]
	(No symbol) [0x00007FF7F976DA62]
	(No symbol) [0x00007FF7F975E113]
	BaseThreadInitThunk [0x00007FFD0149257D+29]
	RtlUserThreadStart [0x00007FFD01DAAA78+40]
</msg>
</errors>
</robot>
