<?xml version="1.0" encoding="UTF-8"?>
<robot generator="Robot 6.1 (Python 3.11.1 on win32)" generated="20231031 15:12:49.493" rpa="false" schemaversion="4">
<suite id="s1" name="Acc Creation PL" source="C:\Users\mepandur\Desktop\D\BMW CIM\automation\ESOCRM_Megh\testdefinition\PL\Acc_Creation_PL.robot">
<kw name="Set up Suite data" library="DataManager" type="SETUP">
<arg>${TD_ADR.PL}</arg>
<doc>setting test case, address and system data</doc>
<kw name="Get test case data" library="DataManager">
<arg>$TestDataPath</arg>
<doc>Retrieving test and user data</doc>
<kw name="Run Keyword If" library="BuiltIn">
<arg>'${TestDataPath}' != ''</arg>
<arg>Get test data</arg>
<arg>${TestDataPath}</arg>
<doc>Runs the given keyword with the given arguments, if ``condition`` is true.</doc>
<kw name="Get test data" library="DataManager">
<arg>${TestDataPath}</arg>
<doc>Retrieving the test case data</doc>
<kw name="Get CONFIG Test data" library="DataManager">
<var>&amp;{TESTDATA}</var>
<arg>${TestDataPath}</arg>
<kw name="Get Cfg Data" library="config">
<var>${CONFIGData}</var>
<arg>${FilePathCONFIG}</arg>
<msg timestamp="20231031 15:12:50.784" level="INFO">${CONFIGData} = {}</msg>
<status status="PASS" starttime="20231031 15:12:50.781" endtime="20231031 15:12:50.790"/>
</kw>
<msg timestamp="20231031 15:12:50.792" level="INFO">&amp;{TESTDATA} = { }</msg>
<status status="PASS" starttime="20231031 15:12:50.779" endtime="20231031 15:12:50.792"/>
</kw>
<kw name="Set Suite Variable" library="BuiltIn">
<arg>&amp;{TESTDATA}</arg>
<doc>Makes a variable available everywhere within the scope of the current suite.</doc>
<msg timestamp="20231031 15:12:50.796" level="INFO">&amp;{TESTDATA} = { }</msg>
<status status="PASS" starttime="20231031 15:12:50.794" endtime="20231031 15:12:50.797"/>
</kw>
<status status="PASS" starttime="20231031 15:12:50.777" endtime="20231031 15:12:50.797"/>
</kw>
<status status="PASS" starttime="20231031 15:12:50.748" endtime="20231031 15:12:50.798"/>
</kw>
<status status="PASS" starttime="20231031 15:12:50.743" endtime="20231031 15:12:50.798"/>
</kw>
<kw name="Get address data" library="DataManager">
<arg>$TestDataPath</arg>
<doc>Retrieving the compare values</doc>
<kw name="Get CONFIG Test data" library="DataManager">
<var>&amp;{ADRDATA}</var>
<arg>${TestDataPath}</arg>
<kw name="Get Cfg Data" library="config">
<var>${CONFIGData}</var>
<arg>${FilePathCONFIG}</arg>
<msg timestamp="20231031 15:12:50.805" level="INFO">${CONFIGData} = {}</msg>
<status status="PASS" starttime="20231031 15:12:50.802" endtime="20231031 15:12:50.805"/>
</kw>
<msg timestamp="20231031 15:12:50.807" level="INFO">&amp;{ADRDATA} = { }</msg>
<status status="PASS" starttime="20231031 15:12:50.800" endtime="20231031 15:12:50.807"/>
</kw>
<kw name="Set Suite Variable" library="BuiltIn">
<arg>&amp;{ADRDATA}</arg>
<doc>Makes a variable available everywhere within the scope of the current suite.</doc>
<msg timestamp="20231031 15:12:50.810" level="INFO">&amp;{ADRDATA} = { }</msg>
<status status="PASS" starttime="20231031 15:12:50.808" endtime="20231031 15:12:50.810"/>
</kw>
<status status="PASS" starttime="20231031 15:12:50.799" endtime="20231031 15:12:50.811"/>
</kw>
<status status="PASS" starttime="20231031 15:12:50.732" endtime="20231031 15:12:50.812"/>
</kw>
<test id="s1-t1" name="create accounts in SF" line="21">
<kw name="Open Chrome Browser" library="Common_WEB" type="SETUP">
<kw name="Open Browser" library="SeleniumLibrary">
<arg>about:blank</arg>
<arg>chrome</arg>
<doc>Opens a new browser instance to the optional ``url``.</doc>
<msg timestamp="20231031 15:12:50.822" level="INFO">Opening browser 'chrome' to base url 'about:blank'.</msg>
<status status="PASS" starttime="20231031 15:12:50.818" endtime="20231031 15:12:53.881"/>
</kw>
<kw name="Maximize Browser Window" library="SeleniumLibrary">
<doc>Maximizes current browser window.</doc>
<status status="PASS" starttime="20231031 15:12:53.882" endtime="20231031 15:12:54.011"/>
</kw>
<kw name="Set Selenium Speed" library="SeleniumLibrary">
<arg>${DELAY}</arg>
<doc>Sets the delay that is waited after each Selenium command.</doc>
<status status="PASS" starttime="20231031 15:12:54.013" endtime="20231031 15:12:54.015"/>
</kw>
<status status="PASS" starttime="20231031 15:12:50.816" endtime="20231031 15:12:54.016"/>
</kw>
<kw name="Login into salesforce" library="Common_WEB">
<arg>${ADR_1}</arg>
<arg>${TD_ADR.PL}</arg>
<arg>${System}</arg>
<kw name="Log" library="BuiltIn">
<arg>${path}</arg>
<doc>Logs the given message with the given level.</doc>
<msg timestamp="20231031 15:12:54.025" level="INFO">Testdata/Address/PL/Addresssets_PL.cfg</msg>
<status status="PASS" starttime="20231031 15:12:54.022" endtime="20231031 15:12:54.026"/>
</kw>
<kw name="Get address data" library="DataManager">
<arg>${path}</arg>
<doc>Retrieving the compare values</doc>
<kw name="Get CONFIG Test data" library="DataManager">
<var>&amp;{ADRDATA}</var>
<arg>${TestDataPath}</arg>
<kw name="Get Cfg Data" library="config">
<var>${CONFIGData}</var>
<arg>${FilePathCONFIG}</arg>
<msg timestamp="20231031 15:12:54.043" level="INFO">${CONFIGData} = {'PL_SET_1': {'country': 'PL', 'street_given': 'South Mall', 'street_index': 'South Mall', 'city_given': 'Cork'}, 'PL_SET_2': {'country': 'PL', 'street_given': 'Lawrence Grove', 'street_index': 'Lawre...</msg>
<status status="PASS" starttime="20231031 15:12:54.036" endtime="20231031 15:12:54.045"/>
</kw>
<msg timestamp="20231031 15:12:54.049" level="INFO">&amp;{ADRDATA} = { PL_SET_1={'country': 'PL', 'street_given': 'South Mall', 'street_index': 'South Mall', 'city_given': 'Cork'} | PL_SET_2={'country': 'PL', 'street_given': 'Lawrence Grove', 'street_index': 'Lawrence ...</msg>
<status status="PASS" starttime="20231031 15:12:54.033" endtime="20231031 15:12:54.049"/>
</kw>
<kw name="Set Suite Variable" library="BuiltIn">
<arg>&amp;{ADRDATA}</arg>
<doc>Makes a variable available everywhere within the scope of the current suite.</doc>
<msg timestamp="20231031 15:12:54.054" level="INFO">&amp;{ADRDATA} = { PL_SET_1={'country': 'PL', 'street_given': 'South Mall', 'street_index': 'South Mall', 'city_given': 'Cork'} | PL_SET_2={'country': 'PL', 'street_given': 'Lawrence Grove', 'street_index': 'Lawrence ...</msg>
<status status="PASS" starttime="20231031 15:12:54.051" endtime="20231031 15:12:54.055"/>
</kw>
<status status="PASS" starttime="20231031 15:12:54.028" endtime="20231031 15:12:54.056"/>
</kw>
<kw name="Get From Dictionary" library="Collections">
<var>${country}</var>
<arg>${ADRDATA.${cnt}}</arg>
<arg>country</arg>
<doc>Returns a value from the given ``dictionary`` based on the given ``key``.</doc>
<msg timestamp="20231031 15:12:54.065" level="INFO">${country} = PL</msg>
<status status="PASS" starttime="20231031 15:12:54.057" endtime="20231031 15:12:54.066"/>
</kw>
<kw name="Go To" library="SeleniumLibrary">
<arg>${Base_Url.${System}SF_${country}}</arg>
<doc>Navigates the current browser window to the provided ``url``.</doc>
<msg timestamp="20231031 15:12:54.071" level="INFO">Opening url 'https://rsp-dev-xx--esointpl.sandbox.my.salesforce.com'</msg>
<status status="PASS" starttime="20231031 15:12:54.067" endtime="20231031 15:12:56.994"/>
</kw>
<kw name="Run Keyword If" library="BuiltIn">
<arg>'${system}' == 'CAR'</arg>
<arg>Navigate via advance button</arg>
<doc>Runs the given keyword with the given arguments, if ``condition`` is true.</doc>
<status status="PASS" starttime="20231031 15:12:56.998" endtime="20231031 15:12:57.005"/>
</kw>
<kw name="Wait Until Element Is Visible" library="SeleniumLibrary">
<arg>xpath=${${System}_LOGIN.USER}</arg>
<arg>10s</arg>
<doc>Waits until the element ``locator`` is visible.</doc>
<status status="PASS" starttime="20231031 15:12:57.010" endtime="20231031 15:12:57.131"/>
</kw>
<kw name="Get WebElement" library="SeleniumLibrary">
<var>${Input_Locator}</var>
<arg>xpath=${${System}_LOGIN.USER}</arg>
<doc>Returns the first WebElement matching the given ``locator``.</doc>
<msg timestamp="20231031 15:12:57.150" level="INFO">${Input_Locator} = &lt;selenium.webdriver.remote.webelement.WebElement (session="6a7a6e4570e43f16667ba3d6cc07b754", element="5C85E362573346F03D2406AAA89CFEBB_element_8")&gt;</msg>
<status status="PASS" starttime="20231031 15:12:57.132" endtime="20231031 15:12:57.150"/>
</kw>
<kw name="Input Text" library="SeleniumLibrary">
<arg>${Input_Locator}</arg>
<arg>${Username.${System}SF_${country}}</arg>
<doc>Types the given ``text`` into the text field identified by ``locator``.</doc>
<msg timestamp="20231031 15:12:57.155" level="INFO">Typing text 'pl.happybdcagent@bmw.eso.dev.xx.esointpl' into text field '&lt;selenium.webdriver.remote.webelement.WebElement (session="6a7a6e4570e43f16667ba3d6cc07b754", element="5C85E362573346F03D2406AAA89CFEBB_element_8")&gt;'.</msg>
<status status="PASS" starttime="20231031 15:12:57.151" endtime="20231031 15:12:57.409"/>
</kw>
<kw name="Get WebElement" library="SeleniumLibrary">
<var>${passw_Locator}</var>
<arg>xpath=${${System}_LOGIN.PASSWORD}</arg>
<doc>Returns the first WebElement matching the given ``locator``.</doc>
<msg timestamp="20231031 15:12:57.428" level="INFO">${passw_Locator} = &lt;selenium.webdriver.remote.webelement.WebElement (session="6a7a6e4570e43f16667ba3d6cc07b754", element="5C85E362573346F03D2406AAA89CFEBB_element_15")&gt;</msg>
<status status="PASS" starttime="20231031 15:12:57.410" endtime="20231031 15:12:57.428"/>
</kw>
<kw name="Input Text" library="SeleniumLibrary">
<arg>${passw_Locator}</arg>
<arg>${Crediantials.${System}SF_${country}}</arg>
<doc>Types the given ``text`` into the text field identified by ``locator``.</doc>
<msg timestamp="20231031 15:12:57.433" level="INFO">Typing text 'HappyPL01Agent2023' into text field '&lt;selenium.webdriver.remote.webelement.WebElement (session="6a7a6e4570e43f16667ba3d6cc07b754", element="5C85E362573346F03D2406AAA89CFEBB_element_15")&gt;'.</msg>
<status status="PASS" starttime="20231031 15:12:57.429" endtime="20231031 15:12:57.572"/>
</kw>
<kw name="Click Button" library="SeleniumLibrary">
<arg>xpath=${${System}_LOGIN.LOGIN}</arg>
<doc>Clicks the button identified by ``locator``.</doc>
<msg timestamp="20231031 15:12:57.578" level="INFO">Clicking button 'xpath=//input[@id="Login"]'.</msg>
<status status="PASS" starttime="20231031 15:12:57.574" endtime="20231031 15:13:07.265"/>
</kw>
<status status="PASS" starttime="20231031 15:12:54.017" endtime="20231031 15:13:07.266"/>
</kw>
<kw name="Sleep" library="BuiltIn">
<arg>10S</arg>
<doc>Pauses the test executed for the given time.</doc>
<msg timestamp="20231031 15:13:17.269" level="INFO">Slept 10 seconds</msg>
<status status="PASS" starttime="20231031 15:13:07.267" endtime="20231031 15:13:17.271"/>
</kw>
<kw name="Validate Created account in SF" library="Salesforce_WEB_account">
<arg>Kyrstina</arg>
<arg>Billi_sogsun</arg>
<arg>+4930719078202</arg>
<arg>kyrstina.billi_sogsun_sogsun@mailinator.com</arg>
<arg>ESO</arg>
<kw name="Set Variable" library="BuiltIn">
<var>${name}</var>
<arg>${firstname} ${lastname}</arg>
<doc>Returns the given values which can then be assigned to a variables.</doc>
<msg timestamp="20231031 15:13:28.987" level="INFO">${name} = Kyrstina Billi_sogsun</msg>
<status status="PASS" starttime="20231031 15:13:28.985" endtime="20231031 15:13:28.987"/>
</kw>
<kw name="Validate SF data" library="Validations_Web">
<arg>${name}</arg>
<arg>${${System}_ACC_LOC.FSTLST_NM}</arg>
<arg>name</arg>
<kw name="Sleep" library="BuiltIn">
<arg>5s</arg>
<doc>Pauses the test executed for the given time.</doc>
<msg timestamp="20231031 15:13:37.698" level="INFO">Slept 5 seconds</msg>
<status status="PASS" starttime="20231031 15:13:32.696" endtime="20231031 15:13:37.700"/>
</kw>
<kw name="Get Text" library="SeleniumLibrary">
<var>${appData}</var>
<arg>xpath= ${loc}</arg>
<doc>Returns the text value of the element identified by ``locator``.</doc>
<msg timestamp="20231031 15:13:42.408" level="INFO">${appData} = Kyrstin Billi_sogsun</msg>
<status status="PASS" starttime="20231031 15:13:37.702" endtime="20231031 15:13:42.408"/>
</kw>
<try>
<branch type="TRY">
<kw name="Should Be Equal" library="BuiltIn">
<arg>${appData}</arg>
<arg>${expectedData}</arg>
<doc>Fails if the given objects are unequal.</doc>
<msg timestamp="20231031 15:13:50.237" level="FAIL">Kyrstin Billi_sogsun != Kyrstina Billi_sogsun</msg>
<status status="FAIL" starttime="20231031 15:13:42.410" endtime="20231031 15:13:50.239"/>
</kw>
<status status="FAIL" starttime="20231031 15:13:42.409" endtime="20231031 15:13:50.240"/>
</branch>
<branch type="EXCEPT">
<kw name="Log" library="BuiltIn">
<arg>${field} is not same as entered data ${expectedData}</arg>
<doc>Logs the given message with the given level.</doc>
<msg timestamp="20231031 15:13:50.242" level="INFO">name is not same as entered data Kyrstina Billi_sogsun</msg>
<status status="PASS" starttime="20231031 15:13:50.241" endtime="20231031 15:13:50.243"/>
</kw>
<status status="PASS" starttime="20231031 15:13:50.240" endtime="20231031 15:13:50.243"/>
</branch>
<status status="PASS" starttime="20231031 15:13:42.408" endtime="20231031 15:13:50.244"/>
</try>
<status status="PASS" starttime="20231031 15:13:28.988" endtime="20231031 15:13:50.244"/>
</kw>
<kw name="Validate SF data" library="Validations_Web">
<arg>${phnum}</arg>
<arg>${${System}_ACC_LOC.MOB}</arg>
<arg>phone number</arg>
<kw name="Sleep" library="BuiltIn">
<arg>5s</arg>
<doc>Pauses the test executed for the given time.</doc>
<msg timestamp="20231031 15:14:00.416" level="INFO">Slept 5 seconds</msg>
<status status="PASS" starttime="20231031 15:13:55.414" endtime="20231031 15:14:00.417"/>
</kw>
<kw name="Get Text" library="SeleniumLibrary">
<var>${appData}</var>
<arg>xpath= ${loc}</arg>
<doc>Returns the text value of the element identified by ``locator``.</doc>
<msg timestamp="20231031 15:18:00.183" level="INFO" html="true">&lt;/td&gt;&lt;/tr&gt;&lt;tr&gt;&lt;td colspan="3"&gt;&lt;a href="selenium-screenshot-1.png"&gt;&lt;img src="selenium-screenshot-1.png" width="800px"&gt;&lt;/a&gt;</msg>
<msg timestamp="20231031 15:18:00.184" level="FAIL">Element with locator 'xpath= //span[text()='Mobile (Private)']/parent::div/following-sibling::div[1]/span//a/span[2]' not found.</msg>
<status status="FAIL" starttime="20231031 15:14:00.419" endtime="20231031 15:18:00.191"/>
</kw>
<try>
<branch type="TRY">
<kw name="Should Be Equal" library="BuiltIn">
<arg>${appData}</arg>
<arg>${expectedData}</arg>
<doc>Fails if the given objects are unequal.</doc>
<status status="NOT RUN" starttime="20231031 15:18:00.193" endtime="20231031 15:18:00.194"/>
</kw>
<status status="NOT RUN" starttime="20231031 15:18:00.192" endtime="20231031 15:18:00.194"/>
</branch>
<branch type="EXCEPT">
<kw name="Log" library="BuiltIn">
<arg>${field} is not same as entered data ${expectedData}</arg>
<doc>Logs the given message with the given level.</doc>
<status status="NOT RUN" starttime="20231031 15:18:00.196" endtime="20231031 15:18:00.197"/>
</kw>
<status status="NOT RUN" starttime="20231031 15:18:00.195" endtime="20231031 15:18:00.197"/>
</branch>
<status status="NOT RUN" starttime="20231031 15:18:00.192" endtime="20231031 15:18:00.198"/>
</try>
<status status="FAIL" starttime="20231031 15:13:50.245" endtime="20231031 15:18:00.198"/>
</kw>
<kw name="Validate SF data" library="Validations_Web">
<arg>${email}</arg>
<arg>${${System}_ACC_LOC.EMAIL}</arg>
<arg>private email</arg>
<status status="NOT RUN" starttime="20231031 15:18:00.199" endtime="20231031 15:18:00.200"/>
</kw>
<kw name="Validate SF data" library="Validations_Web">
<arg>Private</arg>
<arg>${${System}_ACC_LOC.PREF_ADR}</arg>
<arg>preferred address</arg>
<status status="NOT RUN" starttime="20231031 15:18:00.200" endtime="20231031 15:18:00.201"/>
</kw>
<status status="FAIL" starttime="20231031 15:13:17.274" endtime="20231031 15:18:00.202"/>
</kw>
<kw name="I close the browser" library="Common_WEB" type="TEARDOWN">
<kw name="Close Browser" library="SeleniumLibrary">
<doc>Closes the current browser.</doc>
<status status="PASS" starttime="20231031 15:18:00.205" endtime="20231031 15:18:02.812"/>
</kw>
<status status="PASS" starttime="20231031 15:18:00.203" endtime="20231031 15:18:02.816"/>
</kw>
<tag>REG</tag>
<status status="FAIL" starttime="20231031 15:12:50.813" endtime="20231031 15:18:02.818">Element with locator 'xpath= //span[text()='Mobile (Private)']/parent::div/following-sibling::div[1]/span//a/span[2]' not found.</status>
</test>
<status status="FAIL" starttime="20231031 15:12:49.504" endtime="20231031 15:18:02.827"/>
</suite>
<statistics>
<total>
<stat pass="0" fail="1" skip="0">All Tests</stat>
</total>
<tag>
<stat pass="0" fail="1" skip="0">REG</stat>
</tag>
<suite>
<stat pass="0" fail="1" skip="0" id="s1" name="Acc Creation PL">Acc Creation PL</stat>
</suite>
</statistics>
<errors>
</errors>
</robot>
